[ 2015-02-08T00:59:46+08:00 ] 127.0.0.1 /index.php/wyndx/
INFO: [ app_init ] --START--
INFO: Run Behavior\BuildLiteBehavior [ RunTime:0.000035s ]
INFO: [ app_init ] --END-- [ RunTime:0.005258s ]
NOTIC: [8] Use of undefined constant SHOW_PAGE_TRACE - assumed 'SHOW_PAGE_TRACE' E:\phpweb\myapp\app\Wyndx\Conf\config.php 第 4 行.

[ 2015-02-08T00:59:58+08:00 ] 127.0.0.1 /index.php/wyndx/testshow
INFO: [ app_init ] --START--
INFO: Run Behavior\BuildLiteBehavior [ RunTime:0.000130s ]
INFO: [ app_init ] --END-- [ RunTime:0.001172s ]
NOTIC: [8] Use of undefined constant SHOW_PAGE_TRACE - assumed 'SHOW_PAGE_TRACE' E:\phpweb\myapp\app\Wyndx\Conf\config.php 第 4 行.
ERR: 无法加载控制器:Testshow

[ 2015-02-08T01:00:19+08:00 ] 127.0.0.1 /index.php/wyndx/index/testshow
INFO: [ app_init ] --START--
INFO: Run Behavior\BuildLiteBehavior [ RunTime:0.000031s ]
INFO: [ app_init ] --END-- [ RunTime:0.000948s ]
NOTIC: [8] Use of undefined constant SHOW_PAGE_TRACE - assumed 'SHOW_PAGE_TRACE' E:\phpweb\myapp\app\Wyndx\Conf\config.php 第 4 行.

[ 2015-02-08T01:00:24+08:00 ] 127.0.0.1 /index.php/wyndx/Index/testshow
INFO: [ app_init ] --START--
INFO: Run Behavior\BuildLiteBehavior [ RunTime:0.000033s ]
INFO: [ app_init ] --END-- [ RunTime:0.001018s ]
NOTIC: [8] Use of undefined constant SHOW_PAGE_TRACE - assumed 'SHOW_PAGE_TRACE' E:\phpweb\myapp\app\Wyndx\Conf\config.php 第 4 行.

[ 2015-02-08T01:00:46+08:00 ] 127.0.0.1 /index.php/wyndx/Index/testshow
INFO: [ app_init ] --START--
INFO: Run Behavior\BuildLiteBehavior [ RunTime:0.000032s ]
INFO: [ app_init ] --END-- [ RunTime:0.001001s ]
NOTIC: [8] Use of undefined constant SHOW_PAGE_TRACE - assumed 'SHOW_PAGE_TRACE' E:\phpweb\myapp\app\Wyndx\Conf\config.php 第 4 行.

[ 2015-02-08T01:00:47+08:00 ] 127.0.0.1 /index.php/wyndx/Index/SunLearning1_files/tooltipConnectorDown.png
INFO: [ app_init ] --START--
INFO: Run Behavior\BuildLiteBehavior [ RunTime:0.000033s ]
INFO: [ app_init ] --END-- [ RunTime:0.002372s ]
NOTIC: [8] Use of undefined constant SHOW_PAGE_TRACE - assumed 'SHOW_PAGE_TRACE' E:\phpweb\myapp\app\Wyndx\Conf\config.php 第 4 行.

[ 2015-02-08T01:06:36+08:00 ] 127.0.0.1 /index.php/wyndx/Index/
INFO: [ app_init ] --START--
INFO: Run Behavior\BuildLiteBehavior [ RunTime:0.000031s ]
INFO: [ app_init ] --END-- [ RunTime:0.001156s ]
NOTIC: [8] Use of undefined constant SHOW_PAGE_TRACE - assumed 'SHOW_PAGE_TRACE' E:\phpweb\myapp\app\Wyndx\Conf\config.php 第 4 行.

[ 2015-02-08T01:07:39+08:00 ] 127.0.0.1 /index.php/wyndx/Index/
INFO: [ app_init ] --START--
INFO: Run Behavior\BuildLiteBehavior [ RunTime:0.000035s ]
INFO: [ app_init ] --END-- [ RunTime:0.001366s ]
NOTIC: [8] Use of undefined constant SHOW_PAGE_TRACE - assumed 'SHOW_PAGE_TRACE' E:\phpweb\myapp\app\Wyndx\Conf\config.php 第 4 行.

[ 2015-02-08T01:13:20+08:00 ] 127.0.0.1 /index.php/wyndx/Index/
INFO: [ app_init ] --START--
INFO: Run Behavior\BuildLiteBehavior [ RunTime:0.000034s ]
INFO: [ app_init ] --END-- [ RunTime:0.001680s ]
NOTIC: [8] Use of undefined constant SHOW_PAGE_TRACE - assumed 'SHOW_PAGE_TRACE' E:\phpweb\myapp\app\Wyndx\Conf\config.php 第 4 行.

[ 2015-02-08T01:13:58+08:00 ] 127.0.0.1 /index.php/wyndx/Index/
INFO: [ app_init ] --START--
INFO: Run Behavior\BuildLiteBehavior [ RunTime:0.000036s ]
INFO: [ app_init ] --END-- [ RunTime:0.002300s ]
NOTIC: [8] Use of undefined constant SHOW_PAGE_TRACE - assumed 'SHOW_PAGE_TRACE' E:\phpweb\myapp\app\Wyndx\Conf\config.php 第 4 行.

[ 2015-02-08T01:14:00+08:00 ] 127.0.0.1 /index.php/Wyndx/Index/storeanswer
INFO: [ app_init ] --START--
INFO: Run Behavior\BuildLiteBehavior [ RunTime:0.000033s ]
INFO: [ app_init ] --END-- [ RunTime:0.001294s ]
NOTIC: [8] Use of undefined constant SHOW_PAGE_TRACE - assumed 'SHOW_PAGE_TRACE' E:\phpweb\myapp\app\Wyndx\Conf\config.php 第 4 行.
ERR: 模板不存在:./app/Wyndx/View/Index_storeanswer.html

[ 2015-02-08T01:14:39+08:00 ] 127.0.0.1 /index.php/Wyndx/Index/storeanswer
INFO: [ app_init ] --START--
INFO: Run Behavior\BuildLiteBehavior [ RunTime:0.000033s ]
INFO: [ app_init ] --END-- [ RunTime:0.001409s ]
NOTIC: [8] Use of undefined constant SHOW_PAGE_TRACE - assumed 'SHOW_PAGE_TRACE' E:\phpweb\myapp\app\Wyndx\Conf\config.php 第 4 行.
ERR: 模板不存在:./app/Wyndx/View/Index_storeanswer.html

[ 2015-02-08T01:15:06+08:00 ] 127.0.0.1 /index.php/Wyndx/Index/storeanswer
INFO: [ app_init ] --START--
INFO: Run Behavior\BuildLiteBehavior [ RunTime:0.000000s ]
INFO: [ app_init ] --END-- [ RunTime:-0.030670s ]
NOTIC: [8] Use of undefined constant SHOW_PAGE_TRACE - assumed 'SHOW_PAGE_TRACE' E:\phpweb\myapp\app\Wyndx\Conf\config.php 第 4 行.
ERR: 模板不存在:./app/Wyndx/View/Index_storeanswer.html

[ 2015-02-08T01:15:07+08:00 ] 127.0.0.1 /index.php/Wyndx/Index/storeanswer
INFO: [ app_init ] --START--
INFO: Run Behavior\BuildLiteBehavior [ RunTime:0.000032s ]
INFO: [ app_init ] --END-- [ RunTime:0.001167s ]
NOTIC: [8] Use of undefined constant SHOW_PAGE_TRACE - assumed 'SHOW_PAGE_TRACE' E:\phpweb\myapp\app\Wyndx\Conf\config.php 第 4 行.
ERR: 模板不存在:./app/Wyndx/View/Index_storeanswer.html

[ 2015-02-08T01:15:07+08:00 ] 127.0.0.1 /index.php/Wyndx/Index/storeanswer
INFO: [ app_init ] --START--
INFO: Run Behavior\BuildLiteBehavior [ RunTime:0.000035s ]
INFO: [ app_init ] --END-- [ RunTime:0.001320s ]
NOTIC: [8] Use of undefined constant SHOW_PAGE_TRACE - assumed 'SHOW_PAGE_TRACE' E:\phpweb\myapp\app\Wyndx\Conf\config.php 第 4 行.
ERR: 模板不存在:./app/Wyndx/View/Index_storeanswer.html

[ 2015-02-08T01:15:35+08:00 ] 127.0.0.1 /index.php/Wyndx/Index/storeanswer
INFO: [ app_init ] --START--
INFO: Run Behavior\BuildLiteBehavior [ RunTime:0.000032s ]
INFO: [ app_init ] --END-- [ RunTime:0.001260s ]
NOTIC: [8] Use of undefined constant SHOW_PAGE_TRACE - assumed 'SHOW_PAGE_TRACE' E:\phpweb\myapp\app\Wyndx\Conf\config.php 第 4 行.

[ 2015-02-08T01:15:48+08:00 ] 127.0.0.1 /index.php/Wyndx/Index/storeanswer?file=SunLearning1_1.html
INFO: [ app_init ] --START--
INFO: Run Behavior\BuildLiteBehavior [ RunTime:0.000032s ]
INFO: [ app_init ] --END-- [ RunTime:0.001234s ]
NOTIC: [8] Use of undefined constant SHOW_PAGE_TRACE - assumed 'SHOW_PAGE_TRACE' E:\phpweb\myapp\app\Wyndx\Conf\config.php 第 4 行.

[ 2015-02-08T01:16:05+08:00 ] 127.0.0.1 /index.php/Wyndx/Index/storeanswer?file=SunLearning1_1.html
INFO: [ app_init ] --START--
INFO: Run Behavior\BuildLiteBehavior [ RunTime:0.000033s ]
INFO: [ app_init ] --END-- [ RunTime:0.001572s ]
NOTIC: [8] Use of undefined constant SHOW_PAGE_TRACE - assumed 'SHOW_PAGE_TRACE' E:\phpweb\myapp\app\Wyndx\Conf\config.php 第 4 行.

[ 2015-02-08T01:16:15+08:00 ] 127.0.0.1 /index.php/Wyndx/Index/
INFO: [ app_init ] --START--
INFO: Run Behavior\BuildLiteBehavior [ RunTime:0.000034s ]
INFO: [ app_init ] --END-- [ RunTime:0.001752s ]
NOTIC: [8] Use of undefined constant SHOW_PAGE_TRACE - assumed 'SHOW_PAGE_TRACE' E:\phpweb\myapp\app\Wyndx\Conf\config.php 第 4 行.

[ 2015-02-08T01:16:35+08:00 ] 127.0.0.1 /index.php/Wyndx/Index/storeanswer?file=SunLearning1_1.html
INFO: [ app_init ] --START--
INFO: Run Behavior\BuildLiteBehavior [ RunTime:0.000031s ]
INFO: [ app_init ] --END-- [ RunTime:0.001147s ]
NOTIC: [8] Use of undefined constant SHOW_PAGE_TRACE - assumed 'SHOW_PAGE_TRACE' E:\phpweb\myapp\app\Wyndx\Conf\config.php 第 4 行.

[ 2015-02-08T01:24:12+08:00 ] 127.0.0.1 /index.php/Wyndx/Index/
INFO: [ app_init ] --START--
INFO: Run Behavior\BuildLiteBehavior [ RunTime:0.000000s ]
INFO: [ app_init ] --END-- [ RunTime:0.000000s ]
NOTIC: [8] Use of undefined constant SHOW_PAGE_TRACE - assumed 'SHOW_PAGE_TRACE' E:\phpweb\myapp\app\Wyndx\Conf\config.php 第 4 行.

[ 2015-02-08T01:24:29+08:00 ] 127.0.0.1 /index.php/Wyndx/Index/
INFO: [ app_init ] --START--
INFO: Run Behavior\BuildLiteBehavior [ RunTime:0.000034s ]
INFO: [ app_init ] --END-- [ RunTime:0.001378s ]
NOTIC: [8] Use of undefined constant SHOW_PAGE_TRACE - assumed 'SHOW_PAGE_TRACE' E:\phpweb\myapp\app\Wyndx\Conf\config.php 第 4 行.

[ 2015-02-08T01:24:32+08:00 ] 127.0.0.1 /index.php/Wyndx/Index/storeanswer?file=
INFO: [ app_init ] --START--
INFO: Run Behavior\BuildLiteBehavior [ RunTime:0.000030s ]
INFO: [ app_init ] --END-- [ RunTime:0.001153s ]
NOTIC: [8] Use of undefined constant SHOW_PAGE_TRACE - assumed 'SHOW_PAGE_TRACE' E:\phpweb\myapp\app\Wyndx\Conf\config.php 第 4 行.

[ 2015-02-08T01:24:38+08:00 ] 127.0.0.1 /index.php/Wyndx/Index/storeanswer
INFO: [ app_init ] --START--
INFO: Run Behavior\BuildLiteBehavior [ RunTime:0.000033s ]
INFO: [ app_init ] --END-- [ RunTime:0.001191s ]
NOTIC: [8] Use of undefined constant SHOW_PAGE_TRACE - assumed 'SHOW_PAGE_TRACE' E:\phpweb\myapp\app\Wyndx\Conf\config.php 第 4 行.

[ 2015-02-08T01:25:13+08:00 ] 127.0.0.1 /index.php/Wyndx/Index/storeanswer
INFO: [ app_init ] --START--
INFO: Run Behavior\BuildLiteBehavior [ RunTime:0.000033s ]
INFO: [ app_init ] --END-- [ RunTime:0.001333s ]
NOTIC: [8] Use of undefined constant SHOW_PAGE_TRACE - assumed 'SHOW_PAGE_TRACE' E:\phpweb\myapp\app\Wyndx\Conf\config.php 第 4 行.

[ 2015-02-08T01:25:14+08:00 ] 127.0.0.1 /index.php/Wyndx/Index/storeanswer
INFO: [ app_init ] --START--
INFO: Run Behavior\BuildLiteBehavior [ RunTime:0.000032s ]
INFO: [ app_init ] --END-- [ RunTime:0.001355s ]
NOTIC: [8] Use of undefined constant SHOW_PAGE_TRACE - assumed 'SHOW_PAGE_TRACE' E:\phpweb\myapp\app\Wyndx\Conf\config.php 第 4 行.

[ 2015-02-08T01:25:14+08:00 ] 127.0.0.1 /index.php/Wyndx/Index/storeanswer
INFO: [ app_init ] --START--
INFO: Run Behavior\BuildLiteBehavior [ RunTime:0.000032s ]
INFO: [ app_init ] --END-- [ RunTime:0.001285s ]
NOTIC: [8] Use of undefined constant SHOW_PAGE_TRACE - assumed 'SHOW_PAGE_TRACE' E:\phpweb\myapp\app\Wyndx\Conf\config.php 第 4 行.

[ 2015-02-08T01:35:26+08:00 ] 127.0.0.1 /index.php/Wyndx/Index/
INFO: [ app_init ] --START--
INFO: Run Behavior\BuildLiteBehavior [ RunTime:0.000032s ]
INFO: [ app_init ] --END-- [ RunTime:0.001136s ]
NOTIC: [8] Use of undefined constant SHOW_PAGE_TRACE - assumed 'SHOW_PAGE_TRACE' E:\phpweb\myapp\app\Wyndx\Conf\config.php 第 4 行.

[ 2015-02-08T01:35:27+08:00 ] 127.0.0.1 /index.php/Wyndx/Index/
INFO: [ app_init ] --START--
INFO: Run Behavior\BuildLiteBehavior [ RunTime:0.000031s ]
INFO: [ app_init ] --END-- [ RunTime:0.001136s ]
NOTIC: [8] Use of undefined constant SHOW_PAGE_TRACE - assumed 'SHOW_PAGE_TRACE' E:\phpweb\myapp\app\Wyndx\Conf\config.php 第 4 行.

[ 2015-02-08T01:35:29+08:00 ] 127.0.0.1 /index.php/Wyndx/Index/
INFO: [ app_init ] --START--
INFO: Run Behavior\BuildLiteBehavior [ RunTime:0.000032s ]
INFO: [ app_init ] --END-- [ RunTime:0.001385s ]
NOTIC: [8] Use of undefined constant SHOW_PAGE_TRACE - assumed 'SHOW_PAGE_TRACE' E:\phpweb\myapp\app\Wyndx\Conf\config.php 第 4 行.

[ 2015-02-08T01:36:31+08:00 ] 127.0.0.1 /index.php/Wyndx/Index/
INFO: [ app_init ] --START--
INFO: Run Behavior\BuildLiteBehavior [ RunTime:0.000032s ]
INFO: [ app_init ] --END-- [ RunTime:0.027222s ]
NOTIC: [8] Use of undefined constant SHOW_PAGE_TRACE - assumed 'SHOW_PAGE_TRACE' E:\phpweb\myapp\app\Wyndx\Conf\config.php 第 4 行.

[ 2015-02-08T01:36:49+08:00 ] 127.0.0.1 /index.php/Wyndx/Index/
INFO: [ app_init ] --START--
INFO: Run Behavior\BuildLiteBehavior [ RunTime:0.000031s ]
INFO: [ app_init ] --END-- [ RunTime:0.001140s ]
NOTIC: [8] Use of undefined constant SHOW_PAGE_TRACE - assumed 'SHOW_PAGE_TRACE' E:\phpweb\myapp\app\Wyndx\Conf\config.php 第 4 行.

[ 2015-02-08T01:37:05+08:00 ] 127.0.0.1 /index.php/Wyndx/Index/uploadFile
INFO: [ app_init ] --START--
INFO: Run Behavior\BuildLiteBehavior [ RunTime:0.000032s ]
INFO: [ app_init ] --END-- [ RunTime:0.001189s ]
NOTIC: [8] Use of undefined constant SHOW_PAGE_TRACE - assumed 'SHOW_PAGE_TRACE' E:\phpweb\myapp\app\Wyndx\Conf\config.php 第 4 行.

[ 2015-02-08T01:37:54+08:00 ] 127.0.0.1 /index.php/Wyndx/Index/
INFO: [ app_init ] --START--
INFO: Run Behavior\BuildLiteBehavior [ RunTime:0.000032s ]
INFO: [ app_init ] --END-- [ RunTime:0.001229s ]
NOTIC: [8] Use of undefined constant SHOW_PAGE_TRACE - assumed 'SHOW_PAGE_TRACE' E:\phpweb\myapp\app\Wyndx\Conf\config.php 第 4 行.

[ 2015-02-08T01:37:55+08:00 ] 127.0.0.1 /index.php/Wyndx/Index/uploadFile
INFO: [ app_init ] --START--
INFO: Run Behavior\BuildLiteBehavior [ RunTime:0.000032s ]
INFO: [ app_init ] --END-- [ RunTime:0.001226s ]
NOTIC: [8] Use of undefined constant SHOW_PAGE_TRACE - assumed 'SHOW_PAGE_TRACE' E:\phpweb\myapp\app\Wyndx\Conf\config.php 第 4 行.

[ 2015-02-08T01:37:59+08:00 ] 127.0.0.1 /index.php/Wyndx/Index/
INFO: [ app_init ] --START--
INFO: Run Behavior\BuildLiteBehavior [ RunTime:0.000033s ]
INFO: [ app_init ] --END-- [ RunTime:0.001168s ]
NOTIC: [8] Use of undefined constant SHOW_PAGE_TRACE - assumed 'SHOW_PAGE_TRACE' E:\phpweb\myapp\app\Wyndx\Conf\config.php 第 4 行.

[ 2015-02-08T01:38:02+08:00 ] 127.0.0.1 /index.php/Wyndx/Index/
INFO: [ app_init ] --START--
INFO: Run Behavior\BuildLiteBehavior [ RunTime:0.000033s ]
INFO: [ app_init ] --END-- [ RunTime:0.004777s ]
NOTIC: [8] Use of undefined constant SHOW_PAGE_TRACE - assumed 'SHOW_PAGE_TRACE' E:\phpweb\myapp\app\Wyndx\Conf\config.php 第 4 行.

[ 2015-02-08T01:38:10+08:00 ] 127.0.0.1 /index.php/Wyndx/Index/uploadFile
INFO: [ app_init ] --START--
INFO: Run Behavior\BuildLiteBehavior [ RunTime:0.000031s ]
INFO: [ app_init ] --END-- [ RunTime:0.001177s ]
NOTIC: [8] Use of undefined constant SHOW_PAGE_TRACE - assumed 'SHOW_PAGE_TRACE' E:\phpweb\myapp\app\Wyndx\Conf\config.php 第 4 行.

[ 2015-02-08T01:38:27+08:00 ] 127.0.0.1 /index.php/Wyndx/Index/
INFO: [ app_init ] --START--
INFO: Run Behavior\BuildLiteBehavior [ RunTime:0.000036s ]
INFO: [ app_init ] --END-- [ RunTime:0.028447s ]
NOTIC: [8] Use of undefined constant SHOW_PAGE_TRACE - assumed 'SHOW_PAGE_TRACE' E:\phpweb\myapp\app\Wyndx\Conf\config.php 第 4 行.

[ 2015-02-08T01:38:34+08:00 ] 127.0.0.1 /index.php/Wyndx/Index/uploadFile
INFO: [ app_init ] --START--
INFO: Run Behavior\BuildLiteBehavior [ RunTime:0.000030s ]
INFO: [ app_init ] --END-- [ RunTime:0.001150s ]
NOTIC: [8] Use of undefined constant SHOW_PAGE_TRACE - assumed 'SHOW_PAGE_TRACE' E:\phpweb\myapp\app\Wyndx\Conf\config.php 第 4 行.

[ 2015-02-08T01:39:27+08:00 ] 127.0.0.1 /index.php/Wyndx/Index/
INFO: [ app_init ] --START--
INFO: Run Behavior\BuildLiteBehavior [ RunTime:0.000033s ]
INFO: [ app_init ] --END-- [ RunTime:0.001235s ]
NOTIC: [8] Use of undefined constant SHOW_PAGE_TRACE - assumed 'SHOW_PAGE_TRACE' E:\phpweb\myapp\app\Wyndx\Conf\config.php 第 4 行.

[ 2015-02-08T01:39:41+08:00 ] 127.0.0.1 /index.php/Wyndx/Index/uploadFile
INFO: [ app_init ] --START--
INFO: Run Behavior\BuildLiteBehavior [ RunTime:0.000036s ]
INFO: [ app_init ] --END-- [ RunTime:0.001277s ]
NOTIC: [8] Use of undefined constant SHOW_PAGE_TRACE - assumed 'SHOW_PAGE_TRACE' E:\phpweb\myapp\app\Wyndx\Conf\config.php 第 4 行.

[ 2015-02-08T01:41:55+08:00 ] 127.0.0.1 /index.php/Wyndx/Index/
INFO: [ app_init ] --START--
INFO: Run Behavior\BuildLiteBehavior [ RunTime:0.000034s ]
INFO: [ app_init ] --END-- [ RunTime:0.001856s ]
NOTIC: [8] Use of undefined constant SHOW_PAGE_TRACE - assumed 'SHOW_PAGE_TRACE' E:\phpweb\myapp\app\Wyndx\Conf\config.php 第 4 行.

[ 2015-02-08T01:42:04+08:00 ] 127.0.0.1 /index.php/Wyndx/Index/uploadFile
INFO: [ app_init ] --START--
INFO: Run Behavior\BuildLiteBehavior [ RunTime:0.000031s ]
INFO: [ app_init ] --END-- [ RunTime:0.001191s ]
NOTIC: [8] Use of undefined constant SHOW_PAGE_TRACE - assumed 'SHOW_PAGE_TRACE' E:\phpweb\myapp\app\Wyndx\Conf\config.php 第 4 行.

[ 2015-02-08T01:44:02+08:00 ] 127.0.0.1 /index.php/Wyndx/
INFO: [ app_init ] --START--
INFO: Run Behavior\BuildLiteBehavior [ RunTime:0.000031s ]
INFO: [ app_init ] --END-- [ RunTime:0.001270s ]
NOTIC: [8] Use of undefined constant SHOW_PAGE_TRACE - assumed 'SHOW_PAGE_TRACE' E:\phpweb\myapp\app\Wyndx\Conf\config.php 第 4 行.

[ 2015-02-08T01:44:09+08:00 ] 127.0.0.1 /index.php/Wyndx/Index/uploadFile
INFO: [ app_init ] --START--
INFO: Run Behavior\BuildLiteBehavior [ RunTime:0.000033s ]
INFO: [ app_init ] --END-- [ RunTime:0.002382s ]
NOTIC: [8] Use of undefined constant SHOW_PAGE_TRACE - assumed 'SHOW_PAGE_TRACE' E:\phpweb\myapp\app\Wyndx\Conf\config.php 第 4 行.

[ 2015-02-08T01:46:07+08:00 ] 127.0.0.1 /index.php/wyndx/
INFO: [ app_init ] --START--
INFO: Run Behavior\BuildLiteBehavior [ RunTime:0.000031s ]
INFO: [ app_init ] --END-- [ RunTime:0.001174s ]
NOTIC: [8] Use of undefined constant SHOW_PAGE_TRACE - assumed 'SHOW_PAGE_TRACE' E:\phpweb\myapp\app\Wyndx\Conf\config.php 第 4 行.

[ 2015-02-08T01:46:17+08:00 ] 127.0.0.1 /index.php/Wyndx/Index/uploadFile
INFO: [ app_init ] --START--
INFO: Run Behavior\BuildLiteBehavior [ RunTime:0.000000s ]
INFO: [ app_init ] --END-- [ RunTime:-0.020535s ]
NOTIC: [8] Use of undefined constant SHOW_PAGE_TRACE - assumed 'SHOW_PAGE_TRACE' E:\phpweb\myapp\app\Wyndx\Conf\config.php 第 4 行.

[ 2015-02-08T01:49:24+08:00 ] 127.0.0.1 /index.php/Wyndx/Index/uploadFile
INFO: [ app_init ] --START--
INFO: Run Behavior\BuildLiteBehavior [ RunTime:0.000032s ]
INFO: [ app_init ] --END-- [ RunTime:0.001385s ]
NOTIC: [8] Use of undefined constant SHOW_PAGE_TRACE - assumed 'SHOW_PAGE_TRACE' E:\phpweb\myapp\app\Wyndx\Conf\config.php 第 4 行.

