[ 2015-01-29T00:27:46+08:00 ] 127.0.0.1 /index.php/E
INFO: [ app_init ] --START--
INFO: Run Behavior\BuildLiteBehavior [ RunTime:0.000033s ]
INFO: [ app_init ] --END-- [ RunTime:0.030406s ]
NOTIC: [8] Use of undefined constant SHOW_PAGE_TRACE - assumed 'SHOW_PAGE_TRACE' E:\phpweb\myapp\app\E\Conf\config.php 第 4 行.

[ 2015-01-29T00:29:20+08:00 ] 127.0.0.1 /index.php/E
INFO: [ app_init ] --START--
INFO: Run Behavior\BuildLiteBehavior [ RunTime:0.000035s ]
INFO: [ app_init ] --END-- [ RunTime:0.002072s ]
NOTIC: [8] Use of undefined constant SHOW_PAGE_TRACE - assumed 'SHOW_PAGE_TRACE' E:\phpweb\myapp\app\E\Conf\config.php 第 4 行.

[ 2015-01-29T00:30:04+08:00 ] 127.0.0.1 /index.php/E
INFO: [ app_init ] --START--
INFO: Run Behavior\BuildLiteBehavior [ RunTime:0.000031s ]
INFO: [ app_init ] --END-- [ RunTime:0.001154s ]
NOTIC: [8] Use of undefined constant SHOW_PAGE_TRACE - assumed 'SHOW_PAGE_TRACE' E:\phpweb\myapp\app\E\Conf\config.php 第 4 行.

[ 2015-01-29T00:30:49+08:00 ] 127.0.0.1 /index.php/E
INFO: [ app_init ] --START--
INFO: Run Behavior\BuildLiteBehavior [ RunTime:0.000031s ]
INFO: [ app_init ] --END-- [ RunTime:0.001129s ]
NOTIC: [8] Use of undefined constant SHOW_PAGE_TRACE - assumed 'SHOW_PAGE_TRACE' E:\phpweb\myapp\app\E\Conf\config.php 第 4 行.

[ 2015-01-29T00:30:55+08:00 ] 127.0.0.1 /index.php/E/Index/index/p/13040.html
INFO: [ app_init ] --START--
INFO: Run Behavior\BuildLiteBehavior [ RunTime:0.000030s ]
INFO: [ app_init ] --END-- [ RunTime:0.001112s ]
NOTIC: [8] Use of undefined constant SHOW_PAGE_TRACE - assumed 'SHOW_PAGE_TRACE' E:\phpweb\myapp\app\E\Conf\config.php 第 4 行.

[ 2015-01-29T00:30:59+08:00 ] 127.0.0.1 /index.php/E/Index/index/p/1.html
INFO: [ app_init ] --START--
INFO: Run Behavior\BuildLiteBehavior [ RunTime:0.000033s ]
INFO: [ app_init ] --END-- [ RunTime:0.001208s ]
NOTIC: [8] Use of undefined constant SHOW_PAGE_TRACE - assumed 'SHOW_PAGE_TRACE' E:\phpweb\myapp\app\E\Conf\config.php 第 4 行.

[ 2015-01-29T00:31:01+08:00 ] 127.0.0.1 /index.php/E/Index/index/p/2.html
INFO: [ app_init ] --START--
INFO: Run Behavior\BuildLiteBehavior [ RunTime:0.000031s ]
INFO: [ app_init ] --END-- [ RunTime:0.001105s ]
NOTIC: [8] Use of undefined constant SHOW_PAGE_TRACE - assumed 'SHOW_PAGE_TRACE' E:\phpweb\myapp\app\E\Conf\config.php 第 4 行.

[ 2015-01-29T00:31:05+08:00 ] 127.0.0.1 /index.php/E/Index/index/p/3.html
INFO: [ app_init ] --START--
INFO: Run Behavior\BuildLiteBehavior [ RunTime:0.000032s ]
INFO: [ app_init ] --END-- [ RunTime:0.001239s ]
NOTIC: [8] Use of undefined constant SHOW_PAGE_TRACE - assumed 'SHOW_PAGE_TRACE' E:\phpweb\myapp\app\E\Conf\config.php 第 4 行.

[ 2015-01-29T00:43:38+08:00 ] 127.0.0.1 /index.php/E/Index/index/p/10.html
INFO: [ app_init ] --START--
INFO: Run Behavior\BuildLiteBehavior [ RunTime:0.000032s ]
INFO: [ app_init ] --END-- [ RunTime:0.001447s ]
NOTIC: [8] Use of undefined constant SHOW_PAGE_TRACE - assumed 'SHOW_PAGE_TRACE' E:\phpweb\myapp\app\E\Conf\config.php 第 4 行.

[ 2015-01-29T00:43:45+08:00 ] 127.0.0.1 /index.php/E/Index/index/p/11.html
INFO: [ app_init ] --START--
INFO: Run Behavior\BuildLiteBehavior [ RunTime:0.000029s ]
INFO: [ app_init ] --END-- [ RunTime:0.001109s ]
NOTIC: [8] Use of undefined constant SHOW_PAGE_TRACE - assumed 'SHOW_PAGE_TRACE' E:\phpweb\myapp\app\E\Conf\config.php 第 4 行.

[ 2015-01-29T00:43:59+08:00 ] 127.0.0.1 /index.php/E/Index/index/p/13.html
INFO: [ app_init ] --START--
INFO: Run Behavior\BuildLiteBehavior [ RunTime:0.000033s ]
INFO: [ app_init ] --END-- [ RunTime:0.001368s ]
NOTIC: [8] Use of undefined constant SHOW_PAGE_TRACE - assumed 'SHOW_PAGE_TRACE' E:\phpweb\myapp\app\E\Conf\config.php 第 4 行.

[ 2015-01-29T00:44:03+08:00 ] 127.0.0.1 /index.php/E/Index/index/p/18.html
INFO: [ app_init ] --START--
INFO: Run Behavior\BuildLiteBehavior [ RunTime:0.000031s ]
INFO: [ app_init ] --END-- [ RunTime:0.001206s ]
NOTIC: [8] Use of undefined constant SHOW_PAGE_TRACE - assumed 'SHOW_PAGE_TRACE' E:\phpweb\myapp\app\E\Conf\config.php 第 4 行.

[ 2015-01-29T00:44:45+08:00 ] 127.0.0.1 /index.php/E/Index/index/p/13.html
INFO: [ app_init ] --START--
INFO: Run Behavior\BuildLiteBehavior [ RunTime:0.000036s ]
INFO: [ app_init ] --END-- [ RunTime:0.002592s ]
NOTIC: [8] Use of undefined constant SHOW_PAGE_TRACE - assumed 'SHOW_PAGE_TRACE' E:\phpweb\myapp\app\E\Conf\config.php 第 4 行.

[ 2015-01-29T01:19:48+08:00 ] 127.0.0.1 /index.php/E/Index/index/p/16.html
INFO: [ app_init ] --START--
INFO: Run Behavior\BuildLiteBehavior [ RunTime:0.000032s ]
INFO: [ app_init ] --END-- [ RunTime:0.001285s ]
NOTIC: [8] Use of undefined constant SHOW_PAGE_TRACE - assumed 'SHOW_PAGE_TRACE' E:\phpweb\myapp\app\E\Conf\config.php 第 4 行.

[ 2015-01-29T01:19:51+08:00 ] 127.0.0.1 /index.php/E/Index/index/p/21.html
INFO: [ app_init ] --START--
INFO: Run Behavior\BuildLiteBehavior [ RunTime:0.000045s ]
INFO: [ app_init ] --END-- [ RunTime:0.001435s ]
NOTIC: [8] Use of undefined constant SHOW_PAGE_TRACE - assumed 'SHOW_PAGE_TRACE' E:\phpweb\myapp\app\E\Conf\config.php 第 4 行.

[ 2015-01-29T01:19:53+08:00 ] 127.0.0.1 /index.php/E/Index/index/p/23.html
INFO: [ app_init ] --START--
INFO: Run Behavior\BuildLiteBehavior [ RunTime:0.000034s ]
INFO: [ app_init ] --END-- [ RunTime:0.018446s ]
NOTIC: [8] Use of undefined constant SHOW_PAGE_TRACE - assumed 'SHOW_PAGE_TRACE' E:\phpweb\myapp\app\E\Conf\config.php 第 4 行.

[ 2015-01-29T01:19:54+08:00 ] 127.0.0.1 /index.php/E/Index/index/p/26.html
INFO: [ app_init ] --START--
INFO: Run Behavior\BuildLiteBehavior [ RunTime:0.000033s ]
INFO: [ app_init ] --END-- [ RunTime:0.001245s ]
NOTIC: [8] Use of undefined constant SHOW_PAGE_TRACE - assumed 'SHOW_PAGE_TRACE' E:\phpweb\myapp\app\E\Conf\config.php 第 4 行.

[ 2015-01-29T01:19:56+08:00 ] 127.0.0.1 /index.php/E/Index/index/p/31.html
INFO: [ app_init ] --START--
INFO: Run Behavior\BuildLiteBehavior [ RunTime:0.000030s ]
INFO: [ app_init ] --END-- [ RunTime:0.001111s ]
NOTIC: [8] Use of undefined constant SHOW_PAGE_TRACE - assumed 'SHOW_PAGE_TRACE' E:\phpweb\myapp\app\E\Conf\config.php 第 4 行.

[ 2015-01-29T01:20:00+08:00 ] 127.0.0.1 /index.php/E/Index/index/p/36.html
INFO: [ app_init ] --START--
INFO: Run Behavior\BuildLiteBehavior [ RunTime:0.000000s ]
INFO: [ app_init ] --END-- [ RunTime:0.005151s ]
NOTIC: [8] Use of undefined constant SHOW_PAGE_TRACE - assumed 'SHOW_PAGE_TRACE' E:\phpweb\myapp\app\E\Conf\config.php 第 4 行.

[ 2015-01-29T01:20:06+08:00 ] 127.0.0.1 /index.php/E/Index/index/p/41.html
INFO: [ app_init ] --START--
INFO: Run Behavior\BuildLiteBehavior [ RunTime:0.000000s ]
INFO: [ app_init ] --END-- [ RunTime:-0.012935s ]
NOTIC: [8] Use of undefined constant SHOW_PAGE_TRACE - assumed 'SHOW_PAGE_TRACE' E:\phpweb\myapp\app\E\Conf\config.php 第 4 行.

[ 2015-01-29T01:20:08+08:00 ] 127.0.0.1 /index.php/E/Index/index/p/42.html
INFO: [ app_init ] --START--
INFO: Run Behavior\BuildLiteBehavior [ RunTime:0.000031s ]
INFO: [ app_init ] --END-- [ RunTime:0.001180s ]
NOTIC: [8] Use of undefined constant SHOW_PAGE_TRACE - assumed 'SHOW_PAGE_TRACE' E:\phpweb\myapp\app\E\Conf\config.php 第 4 行.

[ 2015-01-29T01:20:11+08:00 ] 127.0.0.1 /index.php/E/Index/index/p/43.html
INFO: [ app_init ] --START--
INFO: Run Behavior\BuildLiteBehavior [ RunTime:0.000031s ]
INFO: [ app_init ] --END-- [ RunTime:0.001113s ]
NOTIC: [8] Use of undefined constant SHOW_PAGE_TRACE - assumed 'SHOW_PAGE_TRACE' E:\phpweb\myapp\app\E\Conf\config.php 第 4 行.

[ 2015-01-29T01:20:21+08:00 ] 127.0.0.1 /index.php/E/Index/index/p/39.html
INFO: [ app_init ] --START--
INFO: Run Behavior\BuildLiteBehavior [ RunTime:0.000031s ]
INFO: [ app_init ] --END-- [ RunTime:0.001197s ]
NOTIC: [8] Use of undefined constant SHOW_PAGE_TRACE - assumed 'SHOW_PAGE_TRACE' E:\phpweb\myapp\app\E\Conf\config.php 第 4 行.

[ 2015-01-29T01:21:10+08:00 ] 127.0.0.1 /index.php/E/Index/index/p/39.html
INFO: [ app_init ] --START--
INFO: Run Behavior\BuildLiteBehavior [ RunTime:0.000032s ]
INFO: [ app_init ] --END-- [ RunTime:0.018862s ]
NOTIC: [8] Use of undefined constant SHOW_PAGE_TRACE - assumed 'SHOW_PAGE_TRACE' E:\phpweb\myapp\app\E\Conf\config.php 第 4 行.

[ 2015-01-29T01:21:19+08:00 ] 127.0.0.1 /index.php/E/Index/index/p/39.html
INFO: [ app_init ] --START--
INFO: Run Behavior\BuildLiteBehavior [ RunTime:0.000033s ]
INFO: [ app_init ] --END-- [ RunTime:0.018967s ]
NOTIC: [8] Use of undefined constant SHOW_PAGE_TRACE - assumed 'SHOW_PAGE_TRACE' E:\phpweb\myapp\app\E\Conf\config.php 第 4 行.

[ 2015-01-29T01:21:50+08:00 ] 127.0.0.1 /index.php/E/Index/index/p/39.html
INFO: [ app_init ] --START--
INFO: Run Behavior\BuildLiteBehavior [ RunTime:0.000000s ]
INFO: [ app_init ] --END-- [ RunTime:0.011397s ]
NOTIC: [8] Use of undefined constant SHOW_PAGE_TRACE - assumed 'SHOW_PAGE_TRACE' E:\phpweb\myapp\app\E\Conf\config.php 第 4 行.

[ 2015-01-29T01:21:56+08:00 ] 127.0.0.1 /index.php/E/Index/index/p/41.html
INFO: [ app_init ] --START--
INFO: Run Behavior\BuildLiteBehavior [ RunTime:0.000039s ]
INFO: [ app_init ] --END-- [ RunTime:0.001117s ]
NOTIC: [8] Use of undefined constant SHOW_PAGE_TRACE - assumed 'SHOW_PAGE_TRACE' E:\phpweb\myapp\app\E\Conf\config.php 第 4 行.

[ 2015-01-29T01:21:58+08:00 ] 127.0.0.1 /index.php/E/Index/index/p/44.html
INFO: [ app_init ] --START--
INFO: Run Behavior\BuildLiteBehavior [ RunTime:0.000032s ]
INFO: [ app_init ] --END-- [ RunTime:0.001141s ]
NOTIC: [8] Use of undefined constant SHOW_PAGE_TRACE - assumed 'SHOW_PAGE_TRACE' E:\phpweb\myapp\app\E\Conf\config.php 第 4 行.

[ 2015-01-29T01:21:59+08:00 ] 127.0.0.1 /index.php/E/Index/index/p/49.html
INFO: [ app_init ] --START--
INFO: Run Behavior\BuildLiteBehavior [ RunTime:0.000031s ]
INFO: [ app_init ] --END-- [ RunTime:0.001112s ]
NOTIC: [8] Use of undefined constant SHOW_PAGE_TRACE - assumed 'SHOW_PAGE_TRACE' E:\phpweb\myapp\app\E\Conf\config.php 第 4 行.

[ 2015-01-29T01:22:01+08:00 ] 127.0.0.1 /index.php/E/Index/index/p/44.html
INFO: [ app_init ] --START--
INFO: Run Behavior\BuildLiteBehavior [ RunTime:0.000032s ]
INFO: [ app_init ] --END-- [ RunTime:0.001595s ]
NOTIC: [8] Use of undefined constant SHOW_PAGE_TRACE - assumed 'SHOW_PAGE_TRACE' E:\phpweb\myapp\app\E\Conf\config.php 第 4 行.

[ 2015-01-29T01:22:23+08:00 ] 127.0.0.1 /index.php/E/Index/index/p/44.html
INFO: [ app_init ] --START--
INFO: Run Behavior\BuildLiteBehavior [ RunTime:0.000032s ]
INFO: [ app_init ] --END-- [ RunTime:0.019645s ]
NOTIC: [8] Use of undefined constant SHOW_PAGE_TRACE - assumed 'SHOW_PAGE_TRACE' E:\phpweb\myapp\app\E\Conf\config.php 第 4 行.

[ 2015-01-29T01:22:25+08:00 ] 127.0.0.1 /index.php/E/Index/index/p/13040.html
INFO: [ app_init ] --START--
INFO: Run Behavior\BuildLiteBehavior [ RunTime:0.000031s ]
INFO: [ app_init ] --END-- [ RunTime:0.001154s ]
NOTIC: [8] Use of undefined constant SHOW_PAGE_TRACE - assumed 'SHOW_PAGE_TRACE' E:\phpweb\myapp\app\E\Conf\config.php 第 4 行.

[ 2015-01-29T01:22:27+08:00 ] 127.0.0.1 /index.php/E/Index/index/p/13034.html
INFO: [ app_init ] --START--
INFO: Run Behavior\BuildLiteBehavior [ RunTime:0.000031s ]
INFO: [ app_init ] --END-- [ RunTime:0.001142s ]
NOTIC: [8] Use of undefined constant SHOW_PAGE_TRACE - assumed 'SHOW_PAGE_TRACE' E:\phpweb\myapp\app\E\Conf\config.php 第 4 行.

[ 2015-01-29T01:22:29+08:00 ] 127.0.0.1 /index.php/E/Index/index/p/1.html
INFO: [ app_init ] --START--
INFO: Run Behavior\BuildLiteBehavior [ RunTime:0.000032s ]
INFO: [ app_init ] --END-- [ RunTime:0.001263s ]
NOTIC: [8] Use of undefined constant SHOW_PAGE_TRACE - assumed 'SHOW_PAGE_TRACE' E:\phpweb\myapp\app\E\Conf\config.php 第 4 行.

[ 2015-01-29T01:22:31+08:00 ] 127.0.0.1 /index.php/E/Index/index/p/10.html
INFO: [ app_init ] --START--
INFO: Run Behavior\BuildLiteBehavior [ RunTime:0.000034s ]
INFO: [ app_init ] --END-- [ RunTime:0.001552s ]
NOTIC: [8] Use of undefined constant SHOW_PAGE_TRACE - assumed 'SHOW_PAGE_TRACE' E:\phpweb\myapp\app\E\Conf\config.php 第 4 行.

[ 2015-01-29T01:22:34+08:00 ] 127.0.0.1 /index.php/E/Index/index/p/15.html
INFO: [ app_init ] --START--
INFO: Run Behavior\BuildLiteBehavior [ RunTime:0.000032s ]
INFO: [ app_init ] --END-- [ RunTime:0.001267s ]
NOTIC: [8] Use of undefined constant SHOW_PAGE_TRACE - assumed 'SHOW_PAGE_TRACE' E:\phpweb\myapp\app\E\Conf\config.php 第 4 行.

[ 2015-01-29T01:22:52+08:00 ] 127.0.0.1 /index.php/E/Index/search
INFO: [ app_init ] --START--
INFO: Run Behavior\BuildLiteBehavior [ RunTime:0.000000s ]
INFO: [ app_init ] --END-- [ RunTime:0.000000s ]
NOTIC: [8] Use of undefined constant SHOW_PAGE_TRACE - assumed 'SHOW_PAGE_TRACE' E:\phpweb\myapp\app\E\Conf\config.php 第 4 行.

[ 2015-01-29T01:22:55+08:00 ] 127.0.0.1 /index.php/E/Index/search
INFO: [ app_init ] --START--
INFO: Run Behavior\BuildLiteBehavior [ RunTime:0.000030s ]
INFO: [ app_init ] --END-- [ RunTime:0.001125s ]
NOTIC: [8] Use of undefined constant SHOW_PAGE_TRACE - assumed 'SHOW_PAGE_TRACE' E:\phpweb\myapp\app\E\Conf\config.php 第 4 行.

[ 2015-01-29T23:20:22+08:00 ] 127.0.0.1 /index.php/E/Index/
INFO: [ app_init ] --START--
INFO: Run Behavior\BuildLiteBehavior [ RunTime:0.000139s ]
INFO: [ app_init ] --END-- [ RunTime:0.041884s ]
NOTIC: [8] Use of undefined constant SHOW_PAGE_TRACE - assumed 'SHOW_PAGE_TRACE' E:\phpweb\myapp\app\E\Conf\config.php 第 4 行.

