[ 2015-02-10T23:19:21+08:00 ] 127.0.0.1 /index.php/wyn/Index/updatecity
INFO: [ app_init ] --START--
INFO: Run Behavior\BuildLiteBehavior [ RunTime:0.000034s ]
INFO: [ app_init ] --END-- [ RunTime:0.041461s ]
NOTIC: [8] Use of undefined constant SHOW_PAGE_TRACE - assumed 'SHOW_PAGE_TRACE' E:\phpweb\myapp\app\Wyn\Conf\config.php 第 4 行.

[ 2015-02-10T23:20:06+08:00 ] 127.0.0.1 /index.php/wyn/Index/updatecity
INFO: [ app_init ] --START--
INFO: Run Behavior\BuildLiteBehavior [ RunTime:0.000032s ]
INFO: [ app_init ] --END-- [ RunTime:0.001285s ]
NOTIC: [8] Use of undefined constant SHOW_PAGE_TRACE - assumed 'SHOW_PAGE_TRACE' E:\phpweb\myapp\app\Wyn\Conf\config.php 第 4 行.

[ 2015-02-10T23:20:06+08:00 ] 127.0.0.1 /index.php/wyn/Index/updatecity
INFO: [ app_init ] --START--
INFO: Run Behavior\BuildLiteBehavior [ RunTime:0.000032s ]
INFO: [ app_init ] --END-- [ RunTime:0.001191s ]
NOTIC: [8] Use of undefined constant SHOW_PAGE_TRACE - assumed 'SHOW_PAGE_TRACE' E:\phpweb\myapp\app\Wyn\Conf\config.php 第 4 行.

[ 2015-02-10T23:20:07+08:00 ] 127.0.0.1 /index.php/wyn/Index/updatecity
INFO: [ app_init ] --START--
INFO: Run Behavior\BuildLiteBehavior [ RunTime:0.000034s ]
INFO: [ app_init ] --END-- [ RunTime:0.002909s ]
NOTIC: [8] Use of undefined constant SHOW_PAGE_TRACE - assumed 'SHOW_PAGE_TRACE' E:\phpweb\myapp\app\Wyn\Conf\config.php 第 4 行.

[ 2015-02-10T23:20:08+08:00 ] 127.0.0.1 /index.php/wyn/Index/updatecity
INFO: [ app_init ] --START--
INFO: Run Behavior\BuildLiteBehavior [ RunTime:0.000053s ]
INFO: [ app_init ] --END-- [ RunTime:0.001382s ]
NOTIC: [8] Use of undefined constant SHOW_PAGE_TRACE - assumed 'SHOW_PAGE_TRACE' E:\phpweb\myapp\app\Wyn\Conf\config.php 第 4 行.

[ 2015-02-10T23:43:17+08:00 ] 127.0.0.1 /index.php/wyn/Index/updatecity
INFO: [ app_init ] --START--
INFO: Run Behavior\BuildLiteBehavior [ RunTime:0.000031s ]
INFO: [ app_init ] --END-- [ RunTime:0.001344s ]
NOTIC: [8] Use of undefined constant SHOW_PAGE_TRACE - assumed 'SHOW_PAGE_TRACE' E:\phpweb\myapp\app\Wyn\Conf\config.php 第 4 行.

[ 2015-02-10T23:43:36+08:00 ] 127.0.0.1 /index.php/wyn/Index/updatecity
INFO: [ app_init ] --START--
INFO: Run Behavior\BuildLiteBehavior [ RunTime:0.000033s ]
INFO: [ app_init ] --END-- [ RunTime:0.001370s ]
NOTIC: [8] Use of undefined constant SHOW_PAGE_TRACE - assumed 'SHOW_PAGE_TRACE' E:\phpweb\myapp\app\Wyn\Conf\config.php 第 4 行.

[ 2015-02-10T23:43:50+08:00 ] 127.0.0.1 /index.php/wyn/Index/updatecity
INFO: [ app_init ] --START--
INFO: Run Behavior\BuildLiteBehavior [ RunTime:0.000037s ]
INFO: [ app_init ] --END-- [ RunTime:0.002677s ]
NOTIC: [8] Use of undefined constant SHOW_PAGE_TRACE - assumed 'SHOW_PAGE_TRACE' E:\phpweb\myapp\app\Wyn\Conf\config.php 第 4 行.

[ 2015-02-10T23:44:30+08:00 ] 127.0.0.1 /index.php/wyn/Index/updatecity
INFO: [ app_init ] --START--
INFO: Run Behavior\BuildLiteBehavior [ RunTime:0.000030s ]
INFO: [ app_init ] --END-- [ RunTime:0.001154s ]
NOTIC: [8] Use of undefined constant SHOW_PAGE_TRACE - assumed 'SHOW_PAGE_TRACE' E:\phpweb\myapp\app\Wyn\Conf\config.php 第 4 行.
ERR: SQLSTATE[42S22]: Column not found: 1054 Unknown column 'provinceName北京市' in 'where clause'

[ 2015-02-10T23:47:44+08:00 ] 127.0.0.1 /index.php/wyn/Index/updatecity
INFO: [ app_init ] --START--
INFO: Run Behavior\BuildLiteBehavior [ RunTime:0.000033s ]
INFO: [ app_init ] --END-- [ RunTime:0.001634s ]
NOTIC: [8] Use of undefined constant SHOW_PAGE_TRACE - assumed 'SHOW_PAGE_TRACE' E:\phpweb\myapp\app\Wyn\Conf\config.php 第 4 行.
ERR: SQLSTATE[42S22]: Column not found: 1054 Unknown column 'provinceName北京市' in 'where clause'

[ 2015-02-10T23:47:46+08:00 ] 127.0.0.1 /index.php/wyn/Index/updatecity
INFO: [ app_init ] --START--
INFO: Run Behavior\BuildLiteBehavior [ RunTime:0.000035s ]
INFO: [ app_init ] --END-- [ RunTime:0.001847s ]
NOTIC: [8] Use of undefined constant SHOW_PAGE_TRACE - assumed 'SHOW_PAGE_TRACE' E:\phpweb\myapp\app\Wyn\Conf\config.php 第 4 行.
ERR: SQLSTATE[42S22]: Column not found: 1054 Unknown column 'provinceName北京市' in 'where clause'

[ 2015-02-10T23:47:49+08:00 ] 127.0.0.1 /index.php/wyn/Index/updatecity
INFO: [ app_init ] --START--
INFO: Run Behavior\BuildLiteBehavior [ RunTime:0.000034s ]
INFO: [ app_init ] --END-- [ RunTime:0.003158s ]
NOTIC: [8] Use of undefined constant SHOW_PAGE_TRACE - assumed 'SHOW_PAGE_TRACE' E:\phpweb\myapp\app\Wyn\Conf\config.php 第 4 行.
ERR: SQLSTATE[42S22]: Column not found: 1054 Unknown column 'provinceName北京市' in 'where clause'

[ 2015-02-10T23:48:12+08:00 ] 127.0.0.1 /index.php/wyn/Index/updatecity
INFO: [ app_init ] --START--
INFO: Run Behavior\BuildLiteBehavior [ RunTime:0.000032s ]
INFO: [ app_init ] --END-- [ RunTime:0.001279s ]
NOTIC: [8] Use of undefined constant SHOW_PAGE_TRACE - assumed 'SHOW_PAGE_TRACE' E:\phpweb\myapp\app\Wyn\Conf\config.php 第 4 行.
ERR: SQLSTATE[42S22]: Column not found: 1054 Unknown column 'provinceName北京市' in 'where clause'

[ 2015-02-10T23:48:13+08:00 ] 127.0.0.1 /index.php/wyn/Index/updatecity
INFO: [ app_init ] --START--
INFO: Run Behavior\BuildLiteBehavior [ RunTime:0.000033s ]
INFO: [ app_init ] --END-- [ RunTime:0.001260s ]
NOTIC: [8] Use of undefined constant SHOW_PAGE_TRACE - assumed 'SHOW_PAGE_TRACE' E:\phpweb\myapp\app\Wyn\Conf\config.php 第 4 行.
ERR: SQLSTATE[42S22]: Column not found: 1054 Unknown column 'provinceName北京市' in 'where clause'

[ 2015-02-10T23:48:13+08:00 ] 127.0.0.1 /index.php/wyn/Index/updatecity
INFO: [ app_init ] --START--
INFO: Run Behavior\BuildLiteBehavior [ RunTime:0.000032s ]
INFO: [ app_init ] --END-- [ RunTime:0.001183s ]
NOTIC: [8] Use of undefined constant SHOW_PAGE_TRACE - assumed 'SHOW_PAGE_TRACE' E:\phpweb\myapp\app\Wyn\Conf\config.php 第 4 行.
ERR: SQLSTATE[42S22]: Column not found: 1054 Unknown column 'provinceName北京市' in 'where clause'

[ 2015-02-10T23:48:13+08:00 ] 127.0.0.1 /index.php/wyn/Index/updatecity
INFO: [ app_init ] --START--
INFO: Run Behavior\BuildLiteBehavior [ RunTime:0.000030s ]
INFO: [ app_init ] --END-- [ RunTime:0.001297s ]
NOTIC: [8] Use of undefined constant SHOW_PAGE_TRACE - assumed 'SHOW_PAGE_TRACE' E:\phpweb\myapp\app\Wyn\Conf\config.php 第 4 行.
ERR: SQLSTATE[42S22]: Column not found: 1054 Unknown column 'provinceName北京市' in 'where clause'

[ 2015-02-10T23:48:14+08:00 ] 127.0.0.1 /index.php/wyn/Index/updatecity
INFO: [ app_init ] --START--
INFO: Run Behavior\BuildLiteBehavior [ RunTime:0.000030s ]
INFO: [ app_init ] --END-- [ RunTime:0.001374s ]
NOTIC: [8] Use of undefined constant SHOW_PAGE_TRACE - assumed 'SHOW_PAGE_TRACE' E:\phpweb\myapp\app\Wyn\Conf\config.php 第 4 行.
ERR: SQLSTATE[42S22]: Column not found: 1054 Unknown column 'provinceName北京市' in 'where clause'

[ 2015-02-10T23:48:14+08:00 ] 127.0.0.1 /index.php/wyn/Index/updatecity
INFO: [ app_init ] --START--
INFO: Run Behavior\BuildLiteBehavior [ RunTime:0.000032s ]
INFO: [ app_init ] --END-- [ RunTime:0.001142s ]
NOTIC: [8] Use of undefined constant SHOW_PAGE_TRACE - assumed 'SHOW_PAGE_TRACE' E:\phpweb\myapp\app\Wyn\Conf\config.php 第 4 行.
ERR: SQLSTATE[42S22]: Column not found: 1054 Unknown column 'provinceName北京市' in 'where clause'

[ 2015-02-10T23:48:14+08:00 ] 127.0.0.1 /index.php/wyn/Index/updatecity
INFO: [ app_init ] --START--
INFO: Run Behavior\BuildLiteBehavior [ RunTime:0.000033s ]
INFO: [ app_init ] --END-- [ RunTime:0.001258s ]
NOTIC: [8] Use of undefined constant SHOW_PAGE_TRACE - assumed 'SHOW_PAGE_TRACE' E:\phpweb\myapp\app\Wyn\Conf\config.php 第 4 行.
ERR: SQLSTATE[42S22]: Column not found: 1054 Unknown column 'provinceName北京市' in 'where clause'

[ 2015-02-10T23:48:15+08:00 ] 127.0.0.1 /index.php/wyn/Index/updatecity
INFO: [ app_init ] --START--
INFO: Run Behavior\BuildLiteBehavior [ RunTime:0.000052s ]
INFO: [ app_init ] --END-- [ RunTime:0.002501s ]
NOTIC: [8] Use of undefined constant SHOW_PAGE_TRACE - assumed 'SHOW_PAGE_TRACE' E:\phpweb\myapp\app\Wyn\Conf\config.php 第 4 行.
ERR: SQLSTATE[42S22]: Column not found: 1054 Unknown column 'provinceName北京市' in 'where clause'

[ 2015-02-10T23:48:16+08:00 ] 127.0.0.1 /index.php/wyn/Index/updatecity
INFO: [ app_init ] --START--
INFO: Run Behavior\BuildLiteBehavior [ RunTime:0.000032s ]
INFO: [ app_init ] --END-- [ RunTime:0.001164s ]
NOTIC: [8] Use of undefined constant SHOW_PAGE_TRACE - assumed 'SHOW_PAGE_TRACE' E:\phpweb\myapp\app\Wyn\Conf\config.php 第 4 行.
ERR: SQLSTATE[42S22]: Column not found: 1054 Unknown column 'provinceName北京市' in 'where clause'

[ 2015-02-10T23:48:16+08:00 ] 127.0.0.1 /index.php/wyn/Index/updatecity
INFO: [ app_init ] --START--
INFO: Run Behavior\BuildLiteBehavior [ RunTime:0.000031s ]
INFO: [ app_init ] --END-- [ RunTime:0.001108s ]
NOTIC: [8] Use of undefined constant SHOW_PAGE_TRACE - assumed 'SHOW_PAGE_TRACE' E:\phpweb\myapp\app\Wyn\Conf\config.php 第 4 行.
ERR: SQLSTATE[42S22]: Column not found: 1054 Unknown column 'provinceName北京市' in 'where clause'

[ 2015-02-10T23:48:17+08:00 ] 127.0.0.1 /index.php/wyn/Index/updatecity
INFO: [ app_init ] --START--
INFO: Run Behavior\BuildLiteBehavior [ RunTime:0.000036s ]
INFO: [ app_init ] --END-- [ RunTime:0.001317s ]
NOTIC: [8] Use of undefined constant SHOW_PAGE_TRACE - assumed 'SHOW_PAGE_TRACE' E:\phpweb\myapp\app\Wyn\Conf\config.php 第 4 行.
ERR: SQLSTATE[42S22]: Column not found: 1054 Unknown column 'provinceName北京市' in 'where clause'

[ 2015-02-10T23:48:18+08:00 ] 127.0.0.1 /index.php/wyn/Index/updatecity
INFO: [ app_init ] --START--
INFO: Run Behavior\BuildLiteBehavior [ RunTime:0.000031s ]
INFO: [ app_init ] --END-- [ RunTime:0.001162s ]
NOTIC: [8] Use of undefined constant SHOW_PAGE_TRACE - assumed 'SHOW_PAGE_TRACE' E:\phpweb\myapp\app\Wyn\Conf\config.php 第 4 行.
ERR: SQLSTATE[42S22]: Column not found: 1054 Unknown column 'provinceName北京市' in 'where clause'

[ 2015-02-10T23:49:04+08:00 ] 127.0.0.1 /index.php/wyn/Index/updateCity
INFO: [ app_init ] --START--
INFO: Run Behavior\BuildLiteBehavior [ RunTime:0.000033s ]
INFO: [ app_init ] --END-- [ RunTime:0.001773s ]
NOTIC: [8] Use of undefined constant SHOW_PAGE_TRACE - assumed 'SHOW_PAGE_TRACE' E:\phpweb\myapp\app\Wyn\Conf\config.php 第 4 行.
ERR: SQLSTATE[42S22]: Column not found: 1054 Unknown column 'provinceName北京市' in 'where clause'

[ 2015-02-10T23:49:21+08:00 ] 127.0.0.1 /index.php/wyn/Index/updateCity
INFO: [ app_init ] --START--
INFO: Run Behavior\BuildLiteBehavior [ RunTime:0.000035s ]
INFO: [ app_init ] --END-- [ RunTime:0.003150s ]
NOTIC: [8] Use of undefined constant SHOW_PAGE_TRACE - assumed 'SHOW_PAGE_TRACE' E:\phpweb\myapp\app\Wyn\Conf\config.php 第 4 行.
ERR: SQLSTATE[42S22]: Column not found: 1054 Unknown column 'provinceName北京市' in 'where clause'

[ 2015-02-10T23:49:21+08:00 ] 127.0.0.1 /index.php/wyn/Index/updateCity
INFO: [ app_init ] --START--
INFO: Run Behavior\BuildLiteBehavior [ RunTime:0.000037s ]
INFO: [ app_init ] --END-- [ RunTime:0.001125s ]
NOTIC: [8] Use of undefined constant SHOW_PAGE_TRACE - assumed 'SHOW_PAGE_TRACE' E:\phpweb\myapp\app\Wyn\Conf\config.php 第 4 行.
ERR: SQLSTATE[42S22]: Column not found: 1054 Unknown column 'provinceName北京市' in 'where clause'

[ 2015-02-10T23:49:22+08:00 ] 127.0.0.1 /index.php/wyn/Index/updateCity
INFO: [ app_init ] --START--
INFO: Run Behavior\BuildLiteBehavior [ RunTime:0.000034s ]
INFO: [ app_init ] --END-- [ RunTime:0.001406s ]
NOTIC: [8] Use of undefined constant SHOW_PAGE_TRACE - assumed 'SHOW_PAGE_TRACE' E:\phpweb\myapp\app\Wyn\Conf\config.php 第 4 行.
ERR: SQLSTATE[42S22]: Column not found: 1054 Unknown column 'provinceName北京市' in 'where clause'

[ 2015-02-10T23:49:24+08:00 ] 127.0.0.1 /index.php/wyn/Index/updateCity
INFO: [ app_init ] --START--
INFO: Run Behavior\BuildLiteBehavior [ RunTime:0.000031s ]
INFO: [ app_init ] --END-- [ RunTime:0.000958s ]
NOTIC: [8] Use of undefined constant SHOW_PAGE_TRACE - assumed 'SHOW_PAGE_TRACE' E:\phpweb\myapp\app\Wyn\Conf\config.php 第 4 行.
ERR: SQLSTATE[42S22]: Column not found: 1054 Unknown column 'provinceName北京市' in 'where clause'

[ 2015-02-10T23:49:48+08:00 ] 127.0.0.1 /index.php/wyn/Index/updateCity
INFO: [ app_init ] --START--
INFO: Run Behavior\BuildLiteBehavior [ RunTime:0.000058s ]
INFO: [ app_init ] --END-- [ RunTime:0.001189s ]
NOTIC: [8] Use of undefined constant SHOW_PAGE_TRACE - assumed 'SHOW_PAGE_TRACE' E:\phpweb\myapp\app\Wyn\Conf\config.php 第 4 行.
ERR: SQLSTATE[42S22]: Column not found: 1054 Unknown column 'provinceName北京市' in 'where clause'

[ 2015-02-10T23:49:52+08:00 ] 127.0.0.1 /index.php/wyn/Index/updateCity
INFO: [ app_init ] --START--
INFO: Run Behavior\BuildLiteBehavior [ RunTime:0.000036s ]
INFO: [ app_init ] --END-- [ RunTime:0.001012s ]
NOTIC: [8] Use of undefined constant SHOW_PAGE_TRACE - assumed 'SHOW_PAGE_TRACE' E:\phpweb\myapp\app\Wyn\Conf\config.php 第 4 行.
ERR: SQLSTATE[42S22]: Column not found: 1054 Unknown column 'provinceName北京市' in 'where clause'

[ 2015-02-10T23:49:54+08:00 ] 127.0.0.1 /index.php/wyn/Index/updateCity
INFO: [ app_init ] --START--
INFO: Run Behavior\BuildLiteBehavior [ RunTime:0.000032s ]
INFO: [ app_init ] --END-- [ RunTime:0.001019s ]
NOTIC: [8] Use of undefined constant SHOW_PAGE_TRACE - assumed 'SHOW_PAGE_TRACE' E:\phpweb\myapp\app\Wyn\Conf\config.php 第 4 行.
ERR: SQLSTATE[42S22]: Column not found: 1054 Unknown column 'provinceName北京市' in 'where clause'

[ 2015-02-10T23:50:55+08:00 ] 127.0.0.1 /index.php/wyn/Index/updateCity
INFO: [ app_init ] --START--
INFO: Run Behavior\BuildLiteBehavior [ RunTime:0.000031s ]
INFO: [ app_init ] --END-- [ RunTime:0.001104s ]
NOTIC: [8] Use of undefined constant SHOW_PAGE_TRACE - assumed 'SHOW_PAGE_TRACE' E:\phpweb\myapp\app\Wyn\Conf\config.php 第 4 行.
ERR: SQLSTATE[42S22]: Column not found: 1054 Unknown column '北京市' in 'where clause'

[ 2015-02-10T23:51:07+08:00 ] 127.0.0.1 /index.php/wyn/Index/updateCity
INFO: [ app_init ] --START--
INFO: Run Behavior\BuildLiteBehavior [ RunTime:0.000030s ]
INFO: [ app_init ] --END-- [ RunTime:0.000937s ]
NOTIC: [8] Use of undefined constant SHOW_PAGE_TRACE - assumed 'SHOW_PAGE_TRACE' E:\phpweb\myapp\app\Wyn\Conf\config.php 第 4 行.
ERR: SQLSTATE[42S22]: Column not found: 1054 Unknown column '北京市' in 'where clause'

[ 2015-02-10T23:52:00+08:00 ] 127.0.0.1 /index.php/wyn/Index/updateCity
INFO: [ app_init ] --START--
INFO: Run Behavior\BuildLiteBehavior [ RunTime:0.000031s ]
INFO: [ app_init ] --END-- [ RunTime:0.000938s ]
NOTIC: [8] Use of undefined constant SHOW_PAGE_TRACE - assumed 'SHOW_PAGE_TRACE' E:\phpweb\myapp\app\Wyn\Conf\config.php 第 4 行.
ERR: SQLSTATE[42S22]: Column not found: 1054 Unknown column '北京市' in 'where clause'

[ 2015-02-10T23:52:49+08:00 ] 127.0.0.1 /index.php/wyn/Index/updateCity
INFO: [ app_init ] --START--
INFO: Run Behavior\BuildLiteBehavior [ RunTime:0.000028s ]
INFO: [ app_init ] --END-- [ RunTime:0.000924s ]
NOTIC: [8] Use of undefined constant SHOW_PAGE_TRACE - assumed 'SHOW_PAGE_TRACE' E:\phpweb\myapp\app\Wyn\Conf\config.php 第 4 行.

[ 2015-02-10T23:53:06+08:00 ] 127.0.0.1 /index.php/wyn/Index/updateCity
INFO: [ app_init ] --START--
INFO: Run Behavior\BuildLiteBehavior [ RunTime:0.000034s ]
INFO: [ app_init ] --END-- [ RunTime:0.001779s ]
NOTIC: [8] Use of undefined constant SHOW_PAGE_TRACE - assumed 'SHOW_PAGE_TRACE' E:\phpweb\myapp\app\Wyn\Conf\config.php 第 4 行.
ERR: SQLSTATE[42S22]: Column not found: 1054 Unknown column '北京市' in 'where clause'

[ 2015-02-10T23:53:07+08:00 ] 127.0.0.1 /index.php/wyn/Index/updateCity
INFO: [ app_init ] --START--
INFO: Run Behavior\BuildLiteBehavior [ RunTime:0.000035s ]
INFO: [ app_init ] --END-- [ RunTime:0.001518s ]
NOTIC: [8] Use of undefined constant SHOW_PAGE_TRACE - assumed 'SHOW_PAGE_TRACE' E:\phpweb\myapp\app\Wyn\Conf\config.php 第 4 行.
ERR: SQLSTATE[42S22]: Column not found: 1054 Unknown column '北京市' in 'where clause'

[ 2015-02-10T23:54:15+08:00 ] 127.0.0.1 /index.php/wyn/Index/updateCity
INFO: [ app_init ] --START--
INFO: Run Behavior\BuildLiteBehavior [ RunTime:0.000030s ]
INFO: [ app_init ] --END-- [ RunTime:0.000933s ]
NOTIC: [8] Use of undefined constant SHOW_PAGE_TRACE - assumed 'SHOW_PAGE_TRACE' E:\phpweb\myapp\app\Wyn\Conf\config.php 第 4 行.
ERR: SQLSTATE[42S22]: Column not found: 1054 Unknown column '北京市' in 'where clause'

[ 2015-02-10T23:54:16+08:00 ] 127.0.0.1 /index.php/wyn/Index/updateCity
INFO: [ app_init ] --START--
INFO: Run Behavior\BuildLiteBehavior [ RunTime:0.000033s ]
INFO: [ app_init ] --END-- [ RunTime:0.001869s ]
NOTIC: [8] Use of undefined constant SHOW_PAGE_TRACE - assumed 'SHOW_PAGE_TRACE' E:\phpweb\myapp\app\Wyn\Conf\config.php 第 4 行.
ERR: SQLSTATE[42S22]: Column not found: 1054 Unknown column '北京市' in 'where clause'

[ 2015-02-10T23:54:17+08:00 ] 127.0.0.1 /index.php/wyn/Index/updateCity
INFO: [ app_init ] --START--
INFO: Run Behavior\BuildLiteBehavior [ RunTime:0.000031s ]
INFO: [ app_init ] --END-- [ RunTime:0.000946s ]
NOTIC: [8] Use of undefined constant SHOW_PAGE_TRACE - assumed 'SHOW_PAGE_TRACE' E:\phpweb\myapp\app\Wyn\Conf\config.php 第 4 行.
ERR: SQLSTATE[42S22]: Column not found: 1054 Unknown column '北京市' in 'where clause'

[ 2015-02-10T23:54:17+08:00 ] 127.0.0.1 /index.php/wyn/Index/updateCity
INFO: [ app_init ] --START--
INFO: Run Behavior\BuildLiteBehavior [ RunTime:0.001371s ]
INFO: [ app_init ] --END-- [ RunTime:0.002933s ]
NOTIC: [8] Use of undefined constant SHOW_PAGE_TRACE - assumed 'SHOW_PAGE_TRACE' E:\phpweb\myapp\app\Wyn\Conf\config.php 第 4 行.
ERR: SQLSTATE[42S22]: Column not found: 1054 Unknown column '北京市' in 'where clause'

[ 2015-02-10T23:55:15+08:00 ] 127.0.0.1 /index.php/wyn/Index/updateCity
INFO: [ app_init ] --START--
INFO: Run Behavior\BuildLiteBehavior [ RunTime:0.000032s ]
INFO: [ app_init ] --END-- [ RunTime:0.001127s ]
NOTIC: [8] Use of undefined constant SHOW_PAGE_TRACE - assumed 'SHOW_PAGE_TRACE' E:\phpweb\myapp\app\Wyn\Conf\config.php 第 4 行.
ERR: SQLSTATE[42S22]: Column not found: 1054 Unknown column '北京市' in 'where clause'

[ 2015-02-10T23:55:51+08:00 ] 127.0.0.1 /index.php/wyn/Index/updateCity
INFO: [ app_init ] --START--
INFO: Run Behavior\BuildLiteBehavior [ RunTime:0.000035s ]
INFO: [ app_init ] --END-- [ RunTime:0.001005s ]
NOTIC: [8] Use of undefined constant SHOW_PAGE_TRACE - assumed 'SHOW_PAGE_TRACE' E:\phpweb\myapp\app\Wyn\Conf\config.php 第 4 行.

[ 2015-02-10T23:56:04+08:00 ] 127.0.0.1 /index.php/wyn/Index/updateCity
INFO: [ app_init ] --START--
INFO: Run Behavior\BuildLiteBehavior [ RunTime:0.000031s ]
INFO: [ app_init ] --END-- [ RunTime:0.000930s ]
NOTIC: [8] Use of undefined constant SHOW_PAGE_TRACE - assumed 'SHOW_PAGE_TRACE' E:\phpweb\myapp\app\Wyn\Conf\config.php 第 4 行.

[ 2015-02-10T23:56:47+08:00 ] 127.0.0.1 /index.php/wyn/Index/updateCity
INFO: [ app_init ] --START--
INFO: Run Behavior\BuildLiteBehavior [ RunTime:0.000032s ]
INFO: [ app_init ] --END-- [ RunTime:0.001200s ]
NOTIC: [8] Use of undefined constant SHOW_PAGE_TRACE - assumed 'SHOW_PAGE_TRACE' E:\phpweb\myapp\app\Wyn\Conf\config.php 第 4 行.

[ 2015-02-10T23:56:49+08:00 ] 127.0.0.1 /index.php/wyn/Index/updateCity
INFO: [ app_init ] --START--
INFO: Run Behavior\BuildLiteBehavior [ RunTime:0.000033s ]
INFO: [ app_init ] --END-- [ RunTime:0.001923s ]
NOTIC: [8] Use of undefined constant SHOW_PAGE_TRACE - assumed 'SHOW_PAGE_TRACE' E:\phpweb\myapp\app\Wyn\Conf\config.php 第 4 行.

[ 2015-02-10T23:57:27+08:00 ] 127.0.0.1 /index.php/wyn/Index/updateCity
INFO: [ app_init ] --START--
INFO: Run Behavior\BuildLiteBehavior [ RunTime:0.000031s ]
INFO: [ app_init ] --END-- [ RunTime:0.001176s ]
NOTIC: [8] Use of undefined constant SHOW_PAGE_TRACE - assumed 'SHOW_PAGE_TRACE' E:\phpweb\myapp\app\Wyn\Conf\config.php 第 4 行.

[ 2015-02-10T23:57:32+08:00 ] 127.0.0.1 /index.php/wyn/Index/updateCity
INFO: [ app_init ] --START--
INFO: Run Behavior\BuildLiteBehavior [ RunTime:0.000029s ]
INFO: [ app_init ] --END-- [ RunTime:0.000941s ]
NOTIC: [8] Use of undefined constant SHOW_PAGE_TRACE - assumed 'SHOW_PAGE_TRACE' E:\phpweb\myapp\app\Wyn\Conf\config.php 第 4 行.

[ 2015-02-10T23:58:02+08:00 ] 127.0.0.1 /index.php/wyn/Index/updateCity
INFO: [ app_init ] --START--
INFO: Run Behavior\BuildLiteBehavior [ RunTime:0.000030s ]
INFO: [ app_init ] --END-- [ RunTime:0.000923s ]
NOTIC: [8] Use of undefined constant SHOW_PAGE_TRACE - assumed 'SHOW_PAGE_TRACE' E:\phpweb\myapp\app\Wyn\Conf\config.php 第 4 行.

[ 2015-02-10T23:58:37+08:00 ] 127.0.0.1 /index.php/wyn/Index/updateCity
INFO: [ app_init ] --START--
INFO: Run Behavior\BuildLiteBehavior [ RunTime:0.000034s ]
INFO: [ app_init ] --END-- [ RunTime:0.001216s ]
NOTIC: [8] Use of undefined constant SHOW_PAGE_TRACE - assumed 'SHOW_PAGE_TRACE' E:\phpweb\myapp\app\Wyn\Conf\config.php 第 4 行.

