[ 2015-02-04T22:02:14+08:00 ] 127.0.0.1 /index.php/wyn/
INFO: [ app_init ] --START--
INFO: Run Behavior\BuildLiteBehavior [ RunTime:0.000033s ]
INFO: [ app_init ] --END-- [ RunTime:0.074303s ]
NOTIC: [8] Use of undefined constant SHOW_PAGE_TRACE - assumed 'SHOW_PAGE_TRACE' E:\phpweb\myapp\app\Wyn\Conf\config.php 第 4 行.

[ 2015-02-04T22:06:15+08:00 ] 127.0.0.1 /index.php/wyn/Index/proviceInsert
INFO: [ app_init ] --START--
INFO: Run Behavior\BuildLiteBehavior [ RunTime:0.000037s ]
INFO: [ app_init ] --END-- [ RunTime:0.035976s ]
NOTIC: [8] Use of undefined constant SHOW_PAGE_TRACE - assumed 'SHOW_PAGE_TRACE' E:\phpweb\myapp\app\Wyn\Conf\config.php 第 4 行.

[ 2015-02-04T22:06:22+08:00 ] 127.0.0.1 /index.php/wyn/Index/proviceInsert
INFO: [ app_init ] --START--
INFO: Run Behavior\BuildLiteBehavior [ RunTime:0.000036s ]
INFO: [ app_init ] --END-- [ RunTime:0.001401s ]
NOTIC: [8] Use of undefined constant SHOW_PAGE_TRACE - assumed 'SHOW_PAGE_TRACE' E:\phpweb\myapp\app\Wyn\Conf\config.php 第 4 行.

[ 2015-02-04T22:07:31+08:00 ] 127.0.0.1 /index.php/wyn/Index/proviceInsert
INFO: [ app_init ] --START--
INFO: Run Behavior\BuildLiteBehavior [ RunTime:0.000033s ]
INFO: [ app_init ] --END-- [ RunTime:0.001591s ]
NOTIC: [8] Use of undefined constant SHOW_PAGE_TRACE - assumed 'SHOW_PAGE_TRACE' E:\phpweb\myapp\app\Wyn\Conf\config.php 第 4 行.

[ 2015-02-04T22:07:36+08:00 ] 127.0.0.1 /index.php/wyn/Index/proviceInsert
INFO: [ app_init ] --START--
INFO: Run Behavior\BuildLiteBehavior [ RunTime:0.000035s ]
INFO: [ app_init ] --END-- [ RunTime:0.003593s ]
NOTIC: [8] Use of undefined constant SHOW_PAGE_TRACE - assumed 'SHOW_PAGE_TRACE' E:\phpweb\myapp\app\Wyn\Conf\config.php 第 4 行.

[ 2015-02-04T22:07:39+08:00 ] 127.0.0.1 /index.php/wyn/Index/proviceInsert
INFO: [ app_init ] --START--
INFO: Run Behavior\BuildLiteBehavior [ RunTime:0.000036s ]
INFO: [ app_init ] --END-- [ RunTime:0.001345s ]
NOTIC: [8] Use of undefined constant SHOW_PAGE_TRACE - assumed 'SHOW_PAGE_TRACE' E:\phpweb\myapp\app\Wyn\Conf\config.php 第 4 行.

[ 2015-02-04T22:07:56+08:00 ] 127.0.0.1 /index.php/wyn/Index/proviceInsert
INFO: [ app_init ] --START--
INFO: Run Behavior\BuildLiteBehavior [ RunTime:0.000032s ]
INFO: [ app_init ] --END-- [ RunTime:0.001188s ]
NOTIC: [8] Use of undefined constant SHOW_PAGE_TRACE - assumed 'SHOW_PAGE_TRACE' E:\phpweb\myapp\app\Wyn\Conf\config.php 第 4 行.

[ 2015-02-04T22:07:58+08:00 ] 127.0.0.1 /index.php/wyn/Index/proviceInsert
INFO: [ app_init ] --START--
INFO: Run Behavior\BuildLiteBehavior [ RunTime:0.000032s ]
INFO: [ app_init ] --END-- [ RunTime:0.001198s ]
NOTIC: [8] Use of undefined constant SHOW_PAGE_TRACE - assumed 'SHOW_PAGE_TRACE' E:\phpweb\myapp\app\Wyn\Conf\config.php 第 4 行.

[ 2015-02-04T22:08:24+08:00 ] 127.0.0.1 /index.php/wyn/Index/proviceInsert
INFO: [ app_init ] --START--
INFO: Run Behavior\BuildLiteBehavior [ RunTime:0.000033s ]
INFO: [ app_init ] --END-- [ RunTime:0.001224s ]
NOTIC: [8] Use of undefined constant SHOW_PAGE_TRACE - assumed 'SHOW_PAGE_TRACE' E:\phpweb\myapp\app\Wyn\Conf\config.php 第 4 行.

[ 2015-02-04T22:08:25+08:00 ] 127.0.0.1 /index.php/wyn/Index/proviceInsert
INFO: [ app_init ] --START--
INFO: Run Behavior\BuildLiteBehavior [ RunTime:0.000034s ]
INFO: [ app_init ] --END-- [ RunTime:0.003787s ]
NOTIC: [8] Use of undefined constant SHOW_PAGE_TRACE - assumed 'SHOW_PAGE_TRACE' E:\phpweb\myapp\app\Wyn\Conf\config.php 第 4 行.

[ 2015-02-04T22:09:11+08:00 ] 127.0.0.1 /index.php/wyn/Index/proviceInsert
INFO: [ app_init ] --START--
INFO: Run Behavior\BuildLiteBehavior [ RunTime:0.000031s ]
INFO: [ app_init ] --END-- [ RunTime:0.001179s ]
NOTIC: [8] Use of undefined constant SHOW_PAGE_TRACE - assumed 'SHOW_PAGE_TRACE' E:\phpweb\myapp\app\Wyn\Conf\config.php 第 4 行.

[ 2015-02-04T22:09:19+08:00 ] 127.0.0.1 /index.php/wyn/Index/proviceInsert
INFO: [ app_init ] --START--
INFO: Run Behavior\BuildLiteBehavior [ RunTime:0.000031s ]
INFO: [ app_init ] --END-- [ RunTime:0.001262s ]
NOTIC: [8] Use of undefined constant SHOW_PAGE_TRACE - assumed 'SHOW_PAGE_TRACE' E:\phpweb\myapp\app\Wyn\Conf\config.php 第 4 行.

[ 2015-02-04T22:09:23+08:00 ] 127.0.0.1 /index.php/wyn/Index/proviceInsert
INFO: [ app_init ] --START--
INFO: Run Behavior\BuildLiteBehavior [ RunTime:0.000032s ]
INFO: [ app_init ] --END-- [ RunTime:0.001222s ]
NOTIC: [8] Use of undefined constant SHOW_PAGE_TRACE - assumed 'SHOW_PAGE_TRACE' E:\phpweb\myapp\app\Wyn\Conf\config.php 第 4 行.

[ 2015-02-04T22:09:24+08:00 ] 127.0.0.1 /index.php/wyn/Index/proviceInsert
INFO: [ app_init ] --START--
INFO: Run Behavior\BuildLiteBehavior [ RunTime:0.000034s ]
INFO: [ app_init ] --END-- [ RunTime:0.001370s ]
NOTIC: [8] Use of undefined constant SHOW_PAGE_TRACE - assumed 'SHOW_PAGE_TRACE' E:\phpweb\myapp\app\Wyn\Conf\config.php 第 4 行.

[ 2015-02-04T22:09:26+08:00 ] 127.0.0.1 /index.php/wyn/Index/proviceInsert
INFO: [ app_init ] --START--
INFO: Run Behavior\BuildLiteBehavior [ RunTime:0.000034s ]
INFO: [ app_init ] --END-- [ RunTime:0.001330s ]
NOTIC: [8] Use of undefined constant SHOW_PAGE_TRACE - assumed 'SHOW_PAGE_TRACE' E:\phpweb\myapp\app\Wyn\Conf\config.php 第 4 行.

[ 2015-02-04T22:09:28+08:00 ] 127.0.0.1 /index.php/wyn/Index/proviceInsert
INFO: [ app_init ] --START--
INFO: Run Behavior\BuildLiteBehavior [ RunTime:0.000035s ]
INFO: [ app_init ] --END-- [ RunTime:0.002438s ]
NOTIC: [8] Use of undefined constant SHOW_PAGE_TRACE - assumed 'SHOW_PAGE_TRACE' E:\phpweb\myapp\app\Wyn\Conf\config.php 第 4 行.

[ 2015-02-04T22:09:29+08:00 ] 127.0.0.1 /index.php/wyn/Index/proviceInsert
INFO: [ app_init ] --START--
INFO: Run Behavior\BuildLiteBehavior [ RunTime:0.000031s ]
INFO: [ app_init ] --END-- [ RunTime:0.001158s ]
NOTIC: [8] Use of undefined constant SHOW_PAGE_TRACE - assumed 'SHOW_PAGE_TRACE' E:\phpweb\myapp\app\Wyn\Conf\config.php 第 4 行.

[ 2015-02-04T22:09:30+08:00 ] 127.0.0.1 /index.php/wyn/Index/proviceInsert
INFO: [ app_init ] --START--
INFO: Run Behavior\BuildLiteBehavior [ RunTime:0.000032s ]
INFO: [ app_init ] --END-- [ RunTime:0.001191s ]
NOTIC: [8] Use of undefined constant SHOW_PAGE_TRACE - assumed 'SHOW_PAGE_TRACE' E:\phpweb\myapp\app\Wyn\Conf\config.php 第 4 行.

[ 2015-02-04T22:09:30+08:00 ] 127.0.0.1 /index.php/wyn/Index/proviceInsert
INFO: [ app_init ] --START--
INFO: Run Behavior\BuildLiteBehavior [ RunTime:0.000033s ]
INFO: [ app_init ] --END-- [ RunTime:0.001909s ]
NOTIC: [8] Use of undefined constant SHOW_PAGE_TRACE - assumed 'SHOW_PAGE_TRACE' E:\phpweb\myapp\app\Wyn\Conf\config.php 第 4 行.

[ 2015-02-04T22:10:47+08:00 ] 127.0.0.1 /index.php/wyn/Index/proviceInsert
INFO: [ app_init ] --START--
INFO: Run Behavior\BuildLiteBehavior [ RunTime:0.000032s ]
INFO: [ app_init ] --END-- [ RunTime:0.001290s ]
NOTIC: [8] Use of undefined constant SHOW_PAGE_TRACE - assumed 'SHOW_PAGE_TRACE' E:\phpweb\myapp\app\Wyn\Conf\config.php 第 4 行.

[ 2015-02-04T22:10:50+08:00 ] 127.0.0.1 /index.php/wyn/Index/proviceInsert
INFO: [ app_init ] --START--
INFO: Run Behavior\BuildLiteBehavior [ RunTime:0.000032s ]
INFO: [ app_init ] --END-- [ RunTime:0.001195s ]
NOTIC: [8] Use of undefined constant SHOW_PAGE_TRACE - assumed 'SHOW_PAGE_TRACE' E:\phpweb\myapp\app\Wyn\Conf\config.php 第 4 行.

[ 2015-02-04T22:10:52+08:00 ] 127.0.0.1 /index.php/wyn/Index/proviceInsert
INFO: [ app_init ] --START--
INFO: Run Behavior\BuildLiteBehavior [ RunTime:0.000031s ]
INFO: [ app_init ] --END-- [ RunTime:0.001309s ]
NOTIC: [8] Use of undefined constant SHOW_PAGE_TRACE - assumed 'SHOW_PAGE_TRACE' E:\phpweb\myapp\app\Wyn\Conf\config.php 第 4 行.

[ 2015-02-04T22:10:52+08:00 ] 127.0.0.1 /index.php/wyn/Index/proviceInsert
INFO: [ app_init ] --START--
INFO: Run Behavior\BuildLiteBehavior [ RunTime:0.000033s ]
INFO: [ app_init ] --END-- [ RunTime:0.001226s ]
NOTIC: [8] Use of undefined constant SHOW_PAGE_TRACE - assumed 'SHOW_PAGE_TRACE' E:\phpweb\myapp\app\Wyn\Conf\config.php 第 4 行.

[ 2015-02-04T22:11:18+08:00 ] 127.0.0.1 /index.php/wyn/Index/proviceInsert
INFO: [ app_init ] --START--
INFO: Run Behavior\BuildLiteBehavior [ RunTime:0.000032s ]
INFO: [ app_init ] --END-- [ RunTime:0.001181s ]
NOTIC: [8] Use of undefined constant SHOW_PAGE_TRACE - assumed 'SHOW_PAGE_TRACE' E:\phpweb\myapp\app\Wyn\Conf\config.php 第 4 行.

[ 2015-02-04T22:11:29+08:00 ] 127.0.0.1 /index.php/wyn/Index/proviceInsert
INFO: [ app_init ] --START--
INFO: Run Behavior\BuildLiteBehavior [ RunTime:0.000031s ]
INFO: [ app_init ] --END-- [ RunTime:0.001205s ]
NOTIC: [8] Use of undefined constant SHOW_PAGE_TRACE - assumed 'SHOW_PAGE_TRACE' E:\phpweb\myapp\app\Wyn\Conf\config.php 第 4 行.

[ 2015-02-04T22:11:30+08:00 ] 127.0.0.1 /index.php/wyn/Index/proviceInsert
INFO: [ app_init ] --START--
INFO: Run Behavior\BuildLiteBehavior [ RunTime:0.000032s ]
INFO: [ app_init ] --END-- [ RunTime:0.001190s ]
NOTIC: [8] Use of undefined constant SHOW_PAGE_TRACE - assumed 'SHOW_PAGE_TRACE' E:\phpweb\myapp\app\Wyn\Conf\config.php 第 4 行.

[ 2015-02-04T22:11:31+08:00 ] 127.0.0.1 /index.php/wyn/Index/proviceInsert
INFO: [ app_init ] --START--
INFO: Run Behavior\BuildLiteBehavior [ RunTime:0.000031s ]
INFO: [ app_init ] --END-- [ RunTime:0.001168s ]
NOTIC: [8] Use of undefined constant SHOW_PAGE_TRACE - assumed 'SHOW_PAGE_TRACE' E:\phpweb\myapp\app\Wyn\Conf\config.php 第 4 行.

[ 2015-02-04T22:11:32+08:00 ] 127.0.0.1 /index.php/wyn/Index/proviceInsert
INFO: [ app_init ] --START--
INFO: Run Behavior\BuildLiteBehavior [ RunTime:0.000039s ]
INFO: [ app_init ] --END-- [ RunTime:0.002994s ]
NOTIC: [8] Use of undefined constant SHOW_PAGE_TRACE - assumed 'SHOW_PAGE_TRACE' E:\phpweb\myapp\app\Wyn\Conf\config.php 第 4 行.

[ 2015-02-04T22:11:32+08:00 ] 127.0.0.1 /index.php/wyn/Index/proviceInsert
INFO: [ app_init ] --START--
INFO: Run Behavior\BuildLiteBehavior [ RunTime:0.000034s ]
INFO: [ app_init ] --END-- [ RunTime:0.001347s ]
NOTIC: [8] Use of undefined constant SHOW_PAGE_TRACE - assumed 'SHOW_PAGE_TRACE' E:\phpweb\myapp\app\Wyn\Conf\config.php 第 4 行.

[ 2015-02-04T22:11:33+08:00 ] 127.0.0.1 /index.php/wyn/Index/proviceInsert
INFO: [ app_init ] --START--
INFO: Run Behavior\BuildLiteBehavior [ RunTime:0.000033s ]
INFO: [ app_init ] --END-- [ RunTime:0.003593s ]
NOTIC: [8] Use of undefined constant SHOW_PAGE_TRACE - assumed 'SHOW_PAGE_TRACE' E:\phpweb\myapp\app\Wyn\Conf\config.php 第 4 行.

[ 2015-02-04T22:11:33+08:00 ] 127.0.0.1 /index.php/wyn/Index/proviceInsert
INFO: [ app_init ] --START--
INFO: Run Behavior\BuildLiteBehavior [ RunTime:0.000032s ]
INFO: [ app_init ] --END-- [ RunTime:0.001461s ]
NOTIC: [8] Use of undefined constant SHOW_PAGE_TRACE - assumed 'SHOW_PAGE_TRACE' E:\phpweb\myapp\app\Wyn\Conf\config.php 第 4 行.

[ 2015-02-04T22:11:33+08:00 ] 127.0.0.1 /index.php/wyn/Index/proviceInsert
INFO: [ app_init ] --START--
INFO: Run Behavior\BuildLiteBehavior [ RunTime:0.000035s ]
INFO: [ app_init ] --END-- [ RunTime:0.002788s ]
NOTIC: [8] Use of undefined constant SHOW_PAGE_TRACE - assumed 'SHOW_PAGE_TRACE' E:\phpweb\myapp\app\Wyn\Conf\config.php 第 4 行.

[ 2015-02-04T22:11:34+08:00 ] 127.0.0.1 /index.php/wyn/Index/proviceInsert
INFO: [ app_init ] --START--
INFO: Run Behavior\BuildLiteBehavior [ RunTime:0.000032s ]
INFO: [ app_init ] --END-- [ RunTime:0.001424s ]
NOTIC: [8] Use of undefined constant SHOW_PAGE_TRACE - assumed 'SHOW_PAGE_TRACE' E:\phpweb\myapp\app\Wyn\Conf\config.php 第 4 行.

[ 2015-02-04T22:15:20+08:00 ] 127.0.0.1 /index.php/wyn/Index/proviceInsert
INFO: [ app_init ] --START--
INFO: Run Behavior\BuildLiteBehavior [ RunTime:0.000032s ]
INFO: [ app_init ] --END-- [ RunTime:0.001186s ]
NOTIC: [8] Use of undefined constant SHOW_PAGE_TRACE - assumed 'SHOW_PAGE_TRACE' E:\phpweb\myapp\app\Wyn\Conf\config.php 第 4 行.

[ 2015-02-04T22:15:50+08:00 ] 127.0.0.1 /index.php/wyn/Index/proviceInsert
INFO: [ app_init ] --START--
INFO: Run Behavior\BuildLiteBehavior [ RunTime:0.000032s ]
INFO: [ app_init ] --END-- [ RunTime:0.006339s ]
NOTIC: [8] Use of undefined constant SHOW_PAGE_TRACE - assumed 'SHOW_PAGE_TRACE' E:\phpweb\myapp\app\Wyn\Conf\config.php 第 4 行.

[ 2015-02-04T22:15:53+08:00 ] 127.0.0.1 /index.php/wyn/Index/proviceInsert
INFO: [ app_init ] --START--
INFO: Run Behavior\BuildLiteBehavior [ RunTime:0.000031s ]
INFO: [ app_init ] --END-- [ RunTime:0.001203s ]
NOTIC: [8] Use of undefined constant SHOW_PAGE_TRACE - assumed 'SHOW_PAGE_TRACE' E:\phpweb\myapp\app\Wyn\Conf\config.php 第 4 行.

[ 2015-02-04T22:15:55+08:00 ] 127.0.0.1 /index.php/wyn/Index/proviceInsert
INFO: [ app_init ] --START--
INFO: Run Behavior\BuildLiteBehavior [ RunTime:0.000032s ]
INFO: [ app_init ] --END-- [ RunTime:0.001335s ]
NOTIC: [8] Use of undefined constant SHOW_PAGE_TRACE - assumed 'SHOW_PAGE_TRACE' E:\phpweb\myapp\app\Wyn\Conf\config.php 第 4 行.

[ 2015-02-04T22:15:56+08:00 ] 127.0.0.1 /index.php/wyn/Index/proviceInsert
INFO: [ app_init ] --START--
INFO: Run Behavior\BuildLiteBehavior [ RunTime:0.000049s ]
INFO: [ app_init ] --END-- [ RunTime:0.004113s ]
NOTIC: [8] Use of undefined constant SHOW_PAGE_TRACE - assumed 'SHOW_PAGE_TRACE' E:\phpweb\myapp\app\Wyn\Conf\config.php 第 4 行.

[ 2015-02-04T22:16:10+08:00 ] 127.0.0.1 /index.php/wyn/Index/proviceInsert
INFO: [ app_init ] --START--
INFO: Run Behavior\BuildLiteBehavior [ RunTime:0.000035s ]
INFO: [ app_init ] --END-- [ RunTime:0.003461s ]
NOTIC: [8] Use of undefined constant SHOW_PAGE_TRACE - assumed 'SHOW_PAGE_TRACE' E:\phpweb\myapp\app\Wyn\Conf\config.php 第 4 行.

[ 2015-02-04T22:16:14+08:00 ] 127.0.0.1 /index.php/wyn/Index/proviceInsert
INFO: [ app_init ] --START--
INFO: Run Behavior\BuildLiteBehavior [ RunTime:0.000030s ]
INFO: [ app_init ] --END-- [ RunTime:0.001152s ]
NOTIC: [8] Use of undefined constant SHOW_PAGE_TRACE - assumed 'SHOW_PAGE_TRACE' E:\phpweb\myapp\app\Wyn\Conf\config.php 第 4 行.

[ 2015-02-04T22:16:14+08:00 ] 127.0.0.1 /index.php/wyn/Index/proviceInsert
INFO: [ app_init ] --START--
INFO: Run Behavior\BuildLiteBehavior [ RunTime:0.000029s ]
INFO: [ app_init ] --END-- [ RunTime:0.001287s ]
NOTIC: [8] Use of undefined constant SHOW_PAGE_TRACE - assumed 'SHOW_PAGE_TRACE' E:\phpweb\myapp\app\Wyn\Conf\config.php 第 4 行.

[ 2015-02-04T22:18:21+08:00 ] 127.0.0.1 /index.php/wyn/Index/proviceInsert
INFO: [ app_init ] --START--
INFO: Run Behavior\BuildLiteBehavior [ RunTime:0.000036s ]
INFO: [ app_init ] --END-- [ RunTime:0.003096s ]
NOTIC: [8] Use of undefined constant SHOW_PAGE_TRACE - assumed 'SHOW_PAGE_TRACE' E:\phpweb\myapp\app\Wyn\Conf\config.php 第 4 行.

[ 2015-02-04T22:18:23+08:00 ] 127.0.0.1 /index.php/wyn/Index/proviceInsert
INFO: [ app_init ] --START--
INFO: Run Behavior\BuildLiteBehavior [ RunTime:0.000030s ]
INFO: [ app_init ] --END-- [ RunTime:0.000946s ]
NOTIC: [8] Use of undefined constant SHOW_PAGE_TRACE - assumed 'SHOW_PAGE_TRACE' E:\phpweb\myapp\app\Wyn\Conf\config.php 第 4 行.

[ 2015-02-04T22:18:44+08:00 ] 127.0.0.1 /index.php/wyn/Index/proviceInsert
INFO: [ app_init ] --START--
INFO: Run Behavior\BuildLiteBehavior [ RunTime:0.000029s ]
INFO: [ app_init ] --END-- [ RunTime:0.001034s ]
NOTIC: [8] Use of undefined constant SHOW_PAGE_TRACE - assumed 'SHOW_PAGE_TRACE' E:\phpweb\myapp\app\Wyn\Conf\config.php 第 4 行.

[ 2015-02-04T22:18:47+08:00 ] 127.0.0.1 /index.php/wyn/Index/proviceInsert
INFO: [ app_init ] --START--
INFO: Run Behavior\BuildLiteBehavior [ RunTime:0.000030s ]
INFO: [ app_init ] --END-- [ RunTime:0.000971s ]
NOTIC: [8] Use of undefined constant SHOW_PAGE_TRACE - assumed 'SHOW_PAGE_TRACE' E:\phpweb\myapp\app\Wyn\Conf\config.php 第 4 行.

[ 2015-02-04T22:18:48+08:00 ] 127.0.0.1 /index.php/wyn/Index/proviceInsert
INFO: [ app_init ] --START--
INFO: Run Behavior\BuildLiteBehavior [ RunTime:0.000032s ]
INFO: [ app_init ] --END-- [ RunTime:0.001106s ]
NOTIC: [8] Use of undefined constant SHOW_PAGE_TRACE - assumed 'SHOW_PAGE_TRACE' E:\phpweb\myapp\app\Wyn\Conf\config.php 第 4 行.

[ 2015-02-04T22:19:18+08:00 ] 127.0.0.1 /index.php/wyn/Index/proviceInsert
INFO: [ app_init ] --START--
INFO: Run Behavior\BuildLiteBehavior [ RunTime:0.000033s ]
INFO: [ app_init ] --END-- [ RunTime:0.001282s ]
NOTIC: [8] Use of undefined constant SHOW_PAGE_TRACE - assumed 'SHOW_PAGE_TRACE' E:\phpweb\myapp\app\Wyn\Conf\config.php 第 4 行.

[ 2015-02-04T22:19:23+08:00 ] 127.0.0.1 /index.php/wyn/Index/proviceInsert
INFO: [ app_init ] --START--
INFO: Run Behavior\BuildLiteBehavior [ RunTime:0.000029s ]
INFO: [ app_init ] --END-- [ RunTime:0.001212s ]
NOTIC: [8] Use of undefined constant SHOW_PAGE_TRACE - assumed 'SHOW_PAGE_TRACE' E:\phpweb\myapp\app\Wyn\Conf\config.php 第 4 行.

[ 2015-02-04T22:19:27+08:00 ] 127.0.0.1 /index.php/wyn/Index/proviceInsert
INFO: [ app_init ] --START--
INFO: Run Behavior\BuildLiteBehavior [ RunTime:0.000031s ]
INFO: [ app_init ] --END-- [ RunTime:0.001081s ]
NOTIC: [8] Use of undefined constant SHOW_PAGE_TRACE - assumed 'SHOW_PAGE_TRACE' E:\phpweb\myapp\app\Wyn\Conf\config.php 第 4 行.

[ 2015-02-04T22:19:29+08:00 ] 127.0.0.1 /index.php/wyn/Index/proviceInsert
INFO: [ app_init ] --START--
INFO: Run Behavior\BuildLiteBehavior [ RunTime:0.000033s ]
INFO: [ app_init ] --END-- [ RunTime:0.005005s ]
NOTIC: [8] Use of undefined constant SHOW_PAGE_TRACE - assumed 'SHOW_PAGE_TRACE' E:\phpweb\myapp\app\Wyn\Conf\config.php 第 4 行.

[ 2015-02-04T22:19:46+08:00 ] 127.0.0.1 /index.php/wyn/Index/proviceInsert
INFO: [ app_init ] --START--
INFO: Run Behavior\BuildLiteBehavior [ RunTime:0.000028s ]
INFO: [ app_init ] --END-- [ RunTime:0.001093s ]
NOTIC: [8] Use of undefined constant SHOW_PAGE_TRACE - assumed 'SHOW_PAGE_TRACE' E:\phpweb\myapp\app\Wyn\Conf\config.php 第 4 行.

[ 2015-02-04T22:19:49+08:00 ] 127.0.0.1 /index.php/wyn/Index/proviceInsert
INFO: [ app_init ] --START--
INFO: Run Behavior\BuildLiteBehavior [ RunTime:0.000031s ]
INFO: [ app_init ] --END-- [ RunTime:0.001296s ]
NOTIC: [8] Use of undefined constant SHOW_PAGE_TRACE - assumed 'SHOW_PAGE_TRACE' E:\phpweb\myapp\app\Wyn\Conf\config.php 第 4 行.

[ 2015-02-04T22:19:51+08:00 ] 127.0.0.1 /index.php/wyn/Index/proviceInsert
INFO: [ app_init ] --START--
INFO: Run Behavior\BuildLiteBehavior [ RunTime:0.000000s ]
INFO: [ app_init ] --END-- [ RunTime:0.000728s ]
NOTIC: [8] Use of undefined constant SHOW_PAGE_TRACE - assumed 'SHOW_PAGE_TRACE' E:\phpweb\myapp\app\Wyn\Conf\config.php 第 4 行.

[ 2015-02-04T22:19:52+08:00 ] 127.0.0.1 /index.php/wyn/Index/proviceInsert
INFO: [ app_init ] --START--
INFO: Run Behavior\BuildLiteBehavior [ RunTime:0.000031s ]
INFO: [ app_init ] --END-- [ RunTime:0.001090s ]
NOTIC: [8] Use of undefined constant SHOW_PAGE_TRACE - assumed 'SHOW_PAGE_TRACE' E:\phpweb\myapp\app\Wyn\Conf\config.php 第 4 行.

[ 2015-02-04T22:19:52+08:00 ] 127.0.0.1 /index.php/wyn/Index/proviceInsert
INFO: [ app_init ] --START--
INFO: Run Behavior\BuildLiteBehavior [ RunTime:0.000028s ]
INFO: [ app_init ] --END-- [ RunTime:0.000992s ]
NOTIC: [8] Use of undefined constant SHOW_PAGE_TRACE - assumed 'SHOW_PAGE_TRACE' E:\phpweb\myapp\app\Wyn\Conf\config.php 第 4 行.

[ 2015-02-04T22:21:29+08:00 ] 127.0.0.1 /index.php/wyn/Index/proviceInsert
INFO: [ app_init ] --START--
INFO: Run Behavior\BuildLiteBehavior [ RunTime:0.000029s ]
INFO: [ app_init ] --END-- [ RunTime:0.001136s ]
NOTIC: [8] Use of undefined constant SHOW_PAGE_TRACE - assumed 'SHOW_PAGE_TRACE' E:\phpweb\myapp\app\Wyn\Conf\config.php 第 4 行.

[ 2015-02-04T22:22:50+08:00 ] 127.0.0.1 /index.php/wyn/Index/proviceInsert
INFO: [ app_init ] --START--
INFO: Run Behavior\BuildLiteBehavior [ RunTime:0.000032s ]
INFO: [ app_init ] --END-- [ RunTime:0.004485s ]
NOTIC: [8] Use of undefined constant SHOW_PAGE_TRACE - assumed 'SHOW_PAGE_TRACE' E:\phpweb\myapp\app\Wyn\Conf\config.php 第 4 行.

[ 2015-02-04T22:22:56+08:00 ] 127.0.0.1 /index.php/wyn/Index/proviceInsert
INFO: [ app_init ] --START--
INFO: Run Behavior\BuildLiteBehavior [ RunTime:0.000031s ]
INFO: [ app_init ] --END-- [ RunTime:0.001036s ]
NOTIC: [8] Use of undefined constant SHOW_PAGE_TRACE - assumed 'SHOW_PAGE_TRACE' E:\phpweb\myapp\app\Wyn\Conf\config.php 第 4 行.

[ 2015-02-04T22:40:57+08:00 ] 127.0.0.1 /index.php/wyn/Index/proviceInsert
INFO: [ app_init ] --START--
INFO: Run Behavior\BuildLiteBehavior [ RunTime:0.000034s ]
INFO: [ app_init ] --END-- [ RunTime:0.001473s ]
NOTIC: [8] Use of undefined constant SHOW_PAGE_TRACE - assumed 'SHOW_PAGE_TRACE' E:\phpweb\myapp\app\Wyn\Conf\config.php 第 4 行.

[ 2015-02-04T22:41:03+08:00 ] 127.0.0.1 /index.php/wyn/Index/proviceInsert
INFO: [ app_init ] --START--
INFO: Run Behavior\BuildLiteBehavior [ RunTime:0.000031s ]
INFO: [ app_init ] --END-- [ RunTime:0.001199s ]
NOTIC: [8] Use of undefined constant SHOW_PAGE_TRACE - assumed 'SHOW_PAGE_TRACE' E:\phpweb\myapp\app\Wyn\Conf\config.php 第 4 行.

[ 2015-02-04T22:54:00+08:00 ] 127.0.0.1 /index.php/wyn/Index/proviceInsert
INFO: [ app_init ] --START--
INFO: Run Behavior\BuildLiteBehavior [ RunTime:0.000034s ]
INFO: [ app_init ] --END-- [ RunTime:0.001862s ]
NOTIC: [8] Use of undefined constant SHOW_PAGE_TRACE - assumed 'SHOW_PAGE_TRACE' E:\phpweb\myapp\app\Wyn\Conf\config.php 第 4 行.

[ 2015-02-04T22:54:03+08:00 ] 127.0.0.1 /index.php/wyn/Index/proviceInsert
INFO: [ app_init ] --START--
INFO: Run Behavior\BuildLiteBehavior [ RunTime:0.000030s ]
INFO: [ app_init ] --END-- [ RunTime:0.001281s ]
NOTIC: [8] Use of undefined constant SHOW_PAGE_TRACE - assumed 'SHOW_PAGE_TRACE' E:\phpweb\myapp\app\Wyn\Conf\config.php 第 4 行.

[ 2015-02-04T22:54:44+08:00 ] 127.0.0.1 /index.php/wyn/Index/proviceInsert
INFO: [ app_init ] --START--
INFO: Run Behavior\BuildLiteBehavior [ RunTime:0.000034s ]
INFO: [ app_init ] --END-- [ RunTime:0.004193s ]
NOTIC: [8] Use of undefined constant SHOW_PAGE_TRACE - assumed 'SHOW_PAGE_TRACE' E:\phpweb\myapp\app\Wyn\Conf\config.php 第 4 行.

[ 2015-02-04T22:54:46+08:00 ] 127.0.0.1 /index.php/wyn/Index/proviceInsert
INFO: [ app_init ] --START--
INFO: Run Behavior\BuildLiteBehavior [ RunTime:0.000031s ]
INFO: [ app_init ] --END-- [ RunTime:0.001269s ]
NOTIC: [8] Use of undefined constant SHOW_PAGE_TRACE - assumed 'SHOW_PAGE_TRACE' E:\phpweb\myapp\app\Wyn\Conf\config.php 第 4 行.

[ 2015-02-04T22:55:05+08:00 ] 127.0.0.1 /index.php/wyn/Index/proviceInsert
INFO: [ app_init ] --START--
INFO: Run Behavior\BuildLiteBehavior [ RunTime:0.000000s ]
INFO: [ app_init ] --END-- [ RunTime:-0.002107s ]
NOTIC: [8] Use of undefined constant SHOW_PAGE_TRACE - assumed 'SHOW_PAGE_TRACE' E:\phpweb\myapp\app\Wyn\Conf\config.php 第 4 行.

[ 2015-02-04T23:06:44+08:00 ] 127.0.0.1 /index.php/wyn/Index/proviceInsert
INFO: [ app_init ] --START--
INFO: Run Behavior\BuildLiteBehavior [ RunTime:0.000031s ]
INFO: [ app_init ] --END-- [ RunTime:0.001336s ]
NOTIC: [8] Use of undefined constant SHOW_PAGE_TRACE - assumed 'SHOW_PAGE_TRACE' E:\phpweb\myapp\app\Wyn\Conf\config.php 第 4 行.

[ 2015-02-04T23:08:04+08:00 ] 127.0.0.1 /index.php/wyn/Index/proviceInsert
INFO: [ app_init ] --START--
INFO: Run Behavior\BuildLiteBehavior [ RunTime:0.000031s ]
INFO: [ app_init ] --END-- [ RunTime:0.001178s ]
NOTIC: [8] Use of undefined constant SHOW_PAGE_TRACE - assumed 'SHOW_PAGE_TRACE' E:\phpweb\myapp\app\Wyn\Conf\config.php 第 4 行.

[ 2015-02-04T23:10:29+08:00 ] 127.0.0.1 /index.php/wyn/Index/proviceInsert
INFO: [ app_init ] --START--
INFO: Run Behavior\BuildLiteBehavior [ RunTime:0.000033s ]
INFO: [ app_init ] --END-- [ RunTime:0.001395s ]
NOTIC: [8] Use of undefined constant SHOW_PAGE_TRACE - assumed 'SHOW_PAGE_TRACE' E:\phpweb\myapp\app\Wyn\Conf\config.php 第 4 行.

[ 2015-02-04T23:10:33+08:00 ] 127.0.0.1 /index.php/wyn/Index/proviceInsert
INFO: [ app_init ] --START--
INFO: Run Behavior\BuildLiteBehavior [ RunTime:0.000031s ]
INFO: [ app_init ] --END-- [ RunTime:0.001393s ]
NOTIC: [8] Use of undefined constant SHOW_PAGE_TRACE - assumed 'SHOW_PAGE_TRACE' E:\phpweb\myapp\app\Wyn\Conf\config.php 第 4 行.

[ 2015-02-04T23:43:56+08:00 ] 127.0.0.1 /index.php/wyn/Index/proviceInsert
INFO: [ app_init ] --START--
INFO: Run Behavior\BuildLiteBehavior [ RunTime:0.000000s ]
INFO: [ app_init ] --END-- [ RunTime:0.005993s ]
NOTIC: [8] Use of undefined constant SHOW_PAGE_TRACE - assumed 'SHOW_PAGE_TRACE' E:\phpweb\myapp\app\Wyn\Conf\config.php 第 4 行.

[ 2015-02-04T23:44:31+08:00 ] 127.0.0.1 /index.php/wyn/Index/proviceInsert
INFO: [ app_init ] --START--
INFO: Run Behavior\BuildLiteBehavior [ RunTime:0.000031s ]
INFO: [ app_init ] --END-- [ RunTime:0.001567s ]
NOTIC: [8] Use of undefined constant SHOW_PAGE_TRACE - assumed 'SHOW_PAGE_TRACE' E:\phpweb\myapp\app\Wyn\Conf\config.php 第 4 行.

[ 2015-02-04T23:44:35+08:00 ] 127.0.0.1 /index.php/wyn/Index/proviceInsert
INFO: [ app_init ] --START--
INFO: Run Behavior\BuildLiteBehavior [ RunTime:0.000030s ]
INFO: [ app_init ] --END-- [ RunTime:0.001042s ]
NOTIC: [8] Use of undefined constant SHOW_PAGE_TRACE - assumed 'SHOW_PAGE_TRACE' E:\phpweb\myapp\app\Wyn\Conf\config.php 第 4 行.

[ 2015-02-04T23:51:10+08:00 ] 127.0.0.1 /index.php/wyn/Index/proviceInsert
INFO: [ app_init ] --START--
INFO: Run Behavior\BuildLiteBehavior [ RunTime:0.000030s ]
INFO: [ app_init ] --END-- [ RunTime:0.013434s ]
NOTIC: [8] Use of undefined constant SHOW_PAGE_TRACE - assumed 'SHOW_PAGE_TRACE' E:\phpweb\myapp\app\Wyn\Conf\config.php 第 4 行.

[ 2015-02-04T23:51:53+08:00 ] 127.0.0.1 /index.php/wyn/Index/proviceInsert
INFO: [ app_init ] --START--
INFO: Run Behavior\BuildLiteBehavior [ RunTime:0.000027s ]
INFO: [ app_init ] --END-- [ RunTime:0.000946s ]
NOTIC: [8] Use of undefined constant SHOW_PAGE_TRACE - assumed 'SHOW_PAGE_TRACE' E:\phpweb\myapp\app\Wyn\Conf\config.php 第 4 行.

[ 2015-02-04T23:54:04+08:00 ] 127.0.0.1 /index.php/wyn/Index/proviceInsert
INFO: [ app_init ] --START--
INFO: Run Behavior\BuildLiteBehavior [ RunTime:0.000034s ]
INFO: [ app_init ] --END-- [ RunTime:0.001977s ]
NOTIC: [8] Use of undefined constant SHOW_PAGE_TRACE - assumed 'SHOW_PAGE_TRACE' E:\phpweb\myapp\app\Wyn\Conf\config.php 第 4 行.

