[ 2015-02-02T00:58:30+08:00 ] 127.0.0.1 /index.php/wyn/
INFO: [ app_init ] --START--
INFO: Run Behavior\BuildLiteBehavior [ RunTime:0.000033s ]
INFO: [ app_init ] --END-- [ RunTime:0.036577s ]
NOTIC: [8] Use of undefined constant SHOW_PAGE_TRACE - assumed 'SHOW_PAGE_TRACE' E:\phpweb\myapp\app\Wyn\Conf\config.php 第 4 行.

[ 2015-02-02T01:06:27+08:00 ] 127.0.0.1 /index.php/wyn/
INFO: [ app_init ] --START--
INFO: Run Behavior\BuildLiteBehavior [ RunTime:0.000046s ]
INFO: [ app_init ] --END-- [ RunTime:0.001863s ]
NOTIC: [8] Use of undefined constant SHOW_PAGE_TRACE - assumed 'SHOW_PAGE_TRACE' E:\phpweb\myapp\app\Wyn\Conf\config.php 第 4 行.

[ 2015-02-02T01:07:06+08:00 ] 127.0.0.1 /index.php/wyn/
INFO: [ app_init ] --START--
INFO: Run Behavior\BuildLiteBehavior [ RunTime:0.000095s ]
INFO: [ app_init ] --END-- [ RunTime:0.003137s ]
NOTIC: [8] Use of undefined constant SHOW_PAGE_TRACE - assumed 'SHOW_PAGE_TRACE' E:\phpweb\myapp\app\Wyn\Conf\config.php 第 4 行.

[ 2015-02-02T01:13:48+08:00 ] 127.0.0.1 /index.php/wyn/
INFO: [ app_init ] --START--
INFO: Run Behavior\BuildLiteBehavior [ RunTime:0.000032s ]
INFO: [ app_init ] --END-- [ RunTime:0.001370s ]
NOTIC: [8] Use of undefined constant SHOW_PAGE_TRACE - assumed 'SHOW_PAGE_TRACE' E:\phpweb\myapp\app\Wyn\Conf\config.php 第 4 行.

[ 2015-02-02T01:16:29+08:00 ] 127.0.0.1 /index.php/wyn/
INFO: [ app_init ] --START--
INFO: Run Behavior\BuildLiteBehavior [ RunTime:0.000037s ]
INFO: [ app_init ] --END-- [ RunTime:0.002353s ]
NOTIC: [8] Use of undefined constant SHOW_PAGE_TRACE - assumed 'SHOW_PAGE_TRACE' E:\phpweb\myapp\app\Wyn\Conf\config.php 第 4 行.

[ 2015-02-02T01:16:41+08:00 ] 127.0.0.1 /index.php/wyn/
INFO: [ app_init ] --START--
INFO: Run Behavior\BuildLiteBehavior [ RunTime:0.000031s ]
INFO: [ app_init ] --END-- [ RunTime:0.001376s ]
NOTIC: [8] Use of undefined constant SHOW_PAGE_TRACE - assumed 'SHOW_PAGE_TRACE' E:\phpweb\myapp\app\Wyn\Conf\config.php 第 4 行.

[ 2015-02-02T01:17:21+08:00 ] 127.0.0.1 /index.php/wyn/
INFO: [ app_init ] --START--
INFO: Run Behavior\BuildLiteBehavior [ RunTime:0.000033s ]
INFO: [ app_init ] --END-- [ RunTime:0.001368s ]
NOTIC: [8] Use of undefined constant SHOW_PAGE_TRACE - assumed 'SHOW_PAGE_TRACE' E:\phpweb\myapp\app\Wyn\Conf\config.php 第 4 行.

[ 2015-02-02T01:17:59+08:00 ] 127.0.0.1 /index.php/wyn/
INFO: [ app_init ] --START--
INFO: Run Behavior\BuildLiteBehavior [ RunTime:0.000032s ]
INFO: [ app_init ] --END-- [ RunTime:0.001332s ]
NOTIC: [8] Use of undefined constant SHOW_PAGE_TRACE - assumed 'SHOW_PAGE_TRACE' E:\phpweb\myapp\app\Wyn\Conf\config.php 第 4 行.

[ 2015-02-02T01:18:09+08:00 ] 127.0.0.1 /index.php/wyn/
INFO: [ app_init ] --START--
INFO: Run Behavior\BuildLiteBehavior [ RunTime:0.000078s ]
INFO: [ app_init ] --END-- [ RunTime:0.006229s ]
NOTIC: [8] Use of undefined constant SHOW_PAGE_TRACE - assumed 'SHOW_PAGE_TRACE' E:\phpweb\myapp\app\Wyn\Conf\config.php 第 4 行.

[ 2015-02-02T01:19:52+08:00 ] 127.0.0.1 /index.php/wyn/
INFO: [ app_init ] --START--
INFO: Run Behavior\BuildLiteBehavior [ RunTime:0.000031s ]
INFO: [ app_init ] --END-- [ RunTime:0.001379s ]
NOTIC: [8] Use of undefined constant SHOW_PAGE_TRACE - assumed 'SHOW_PAGE_TRACE' E:\phpweb\myapp\app\Wyn\Conf\config.php 第 4 行.

[ 2015-02-02T01:20:22+08:00 ] 127.0.0.1 /index.php/wyn/
INFO: [ app_init ] --START--
INFO: Run Behavior\BuildLiteBehavior [ RunTime:0.000034s ]
INFO: [ app_init ] --END-- [ RunTime:0.001596s ]
NOTIC: [8] Use of undefined constant SHOW_PAGE_TRACE - assumed 'SHOW_PAGE_TRACE' E:\phpweb\myapp\app\Wyn\Conf\config.php 第 4 行.

[ 2015-02-02T01:20:44+08:00 ] 127.0.0.1 /index.php/wyn/
INFO: [ app_init ] --START--
INFO: Run Behavior\BuildLiteBehavior [ RunTime:0.000096s ]
INFO: [ app_init ] --END-- [ RunTime:0.001436s ]
NOTIC: [8] Use of undefined constant SHOW_PAGE_TRACE - assumed 'SHOW_PAGE_TRACE' E:\phpweb\myapp\app\Wyn\Conf\config.php 第 4 行.

[ 2015-02-02T01:20:47+08:00 ] 127.0.0.1 /index.php/wyn/%5Bobject%20Object%5D
INFO: [ app_init ] --START--
INFO: Run Behavior\BuildLiteBehavior [ RunTime:0.000033s ]
INFO: [ app_init ] --END-- [ RunTime:0.001370s ]
NOTIC: [8] Use of undefined constant SHOW_PAGE_TRACE - assumed 'SHOW_PAGE_TRACE' E:\phpweb\myapp\app\Wyn\Conf\config.php 第 4 行.
INFO: [ app_begin ] --START--
INFO: Run Behavior\ReadHtmlCacheBehavior [ RunTime:0.002057s ]
INFO: [ app_begin ] --END-- [ RunTime:0.002179s ]
ERR: 无法加载控制器:[object Object]

[ 2015-02-02T01:20:49+08:00 ] 127.0.0.1 /index.php/wyn/%5Bobject%20Object%5D
INFO: [ app_init ] --START--
INFO: Run Behavior\BuildLiteBehavior [ RunTime:0.000034s ]
INFO: [ app_init ] --END-- [ RunTime:0.001872s ]
NOTIC: [8] Use of undefined constant SHOW_PAGE_TRACE - assumed 'SHOW_PAGE_TRACE' E:\phpweb\myapp\app\Wyn\Conf\config.php 第 4 行.
INFO: [ app_begin ] --START--
INFO: Run Behavior\ReadHtmlCacheBehavior [ RunTime:0.002894s ]
INFO: [ app_begin ] --END-- [ RunTime:0.003048s ]
ERR: 无法加载控制器:[object Object]

[ 2015-02-02T01:21:18+08:00 ] 127.0.0.1 /index.php/wyn/%5Bobject%20Object%5D
INFO: [ app_init ] --START--
INFO: Run Behavior\BuildLiteBehavior [ RunTime:0.000031s ]
INFO: [ app_init ] --END-- [ RunTime:0.001398s ]
NOTIC: [8] Use of undefined constant SHOW_PAGE_TRACE - assumed 'SHOW_PAGE_TRACE' E:\phpweb\myapp\app\Wyn\Conf\config.php 第 4 行.
INFO: [ app_begin ] --START--
INFO: Run Behavior\ReadHtmlCacheBehavior [ RunTime:0.002013s ]
INFO: [ app_begin ] --END-- [ RunTime:0.002135s ]
ERR: 无法加载控制器:[object Object]

[ 2015-02-02T01:21:19+08:00 ] 127.0.0.1 /index.php/wyn/%5Bobject%20Object%5D
INFO: [ app_init ] --START--
INFO: Run Behavior\BuildLiteBehavior [ RunTime:0.000032s ]
INFO: [ app_init ] --END-- [ RunTime:0.001357s ]
NOTIC: [8] Use of undefined constant SHOW_PAGE_TRACE - assumed 'SHOW_PAGE_TRACE' E:\phpweb\myapp\app\Wyn\Conf\config.php 第 4 行.
INFO: [ app_begin ] --START--
INFO: Run Behavior\ReadHtmlCacheBehavior [ RunTime:0.002041s ]
INFO: [ app_begin ] --END-- [ RunTime:0.002159s ]
ERR: 无法加载控制器:[object Object]

[ 2015-02-02T01:21:21+08:00 ] 127.0.0.1 /index.php/wyn/
INFO: [ app_init ] --START--
INFO: Run Behavior\BuildLiteBehavior [ RunTime:0.000034s ]
INFO: [ app_init ] --END-- [ RunTime:0.002024s ]
NOTIC: [8] Use of undefined constant SHOW_PAGE_TRACE - assumed 'SHOW_PAGE_TRACE' E:\phpweb\myapp\app\Wyn\Conf\config.php 第 4 行.

[ 2015-02-02T01:21:23+08:00 ] 127.0.0.1 /index.php/wyn/%5Bobject%20Object%5D
INFO: [ app_init ] --START--
INFO: Run Behavior\BuildLiteBehavior [ RunTime:0.000036s ]
INFO: [ app_init ] --END-- [ RunTime:0.001871s ]
NOTIC: [8] Use of undefined constant SHOW_PAGE_TRACE - assumed 'SHOW_PAGE_TRACE' E:\phpweb\myapp\app\Wyn\Conf\config.php 第 4 行.
INFO: [ app_begin ] --START--
INFO: Run Behavior\ReadHtmlCacheBehavior [ RunTime:0.002516s ]
INFO: [ app_begin ] --END-- [ RunTime:0.002649s ]
ERR: 无法加载控制器:[object Object]

[ 2015-02-02T01:21:39+08:00 ] 127.0.0.1 /index.php/wyn/
INFO: [ app_init ] --START--
INFO: Run Behavior\BuildLiteBehavior [ RunTime:0.000033s ]
INFO: [ app_init ] --END-- [ RunTime:0.001813s ]
NOTIC: [8] Use of undefined constant SHOW_PAGE_TRACE - assumed 'SHOW_PAGE_TRACE' E:\phpweb\myapp\app\Wyn\Conf\config.php 第 4 行.

[ 2015-02-02T01:21:42+08:00 ] 127.0.0.1 /index.php/wyn/%5Bobject%20Object%5D
INFO: [ app_init ] --START--
INFO: Run Behavior\BuildLiteBehavior [ RunTime:0.000031s ]
INFO: [ app_init ] --END-- [ RunTime:0.001390s ]
NOTIC: [8] Use of undefined constant SHOW_PAGE_TRACE - assumed 'SHOW_PAGE_TRACE' E:\phpweb\myapp\app\Wyn\Conf\config.php 第 4 行.
INFO: [ app_begin ] --START--
INFO: Run Behavior\ReadHtmlCacheBehavior [ RunTime:0.002786s ]
INFO: [ app_begin ] --END-- [ RunTime:0.002903s ]
ERR: 无法加载控制器:[object Object]

[ 2015-02-02T01:22:40+08:00 ] 127.0.0.1 /index.php/wyn/%5Bobject%20Object%5D
INFO: [ app_init ] --START--
INFO: Run Behavior\BuildLiteBehavior [ RunTime:0.000033s ]
INFO: [ app_init ] --END-- [ RunTime:0.001376s ]
NOTIC: [8] Use of undefined constant SHOW_PAGE_TRACE - assumed 'SHOW_PAGE_TRACE' E:\phpweb\myapp\app\Wyn\Conf\config.php 第 4 行.
ERR: 无法加载控制器:[object Object]

[ 2015-02-02T01:23:41+08:00 ] 127.0.0.1 /index.php/wyn/proviceInsert
INFO: [ app_init ] --START--
INFO: Run Behavior\BuildLiteBehavior [ RunTime:0.000031s ]
INFO: [ app_init ] --END-- [ RunTime:0.001336s ]
NOTIC: [8] Use of undefined constant SHOW_PAGE_TRACE - assumed 'SHOW_PAGE_TRACE' E:\phpweb\myapp\app\Wyn\Conf\config.php 第 4 行.
ERR: 无法加载控制器:ProviceInsert

[ 2015-02-02T01:24:17+08:00 ] 127.0.0.1 /index.php/Wyn/Index/proviceInsert
INFO: [ app_init ] --START--
INFO: Run Behavior\BuildLiteBehavior [ RunTime:0.000032s ]
INFO: [ app_init ] --END-- [ RunTime:0.001612s ]
NOTIC: [8] Use of undefined constant SHOW_PAGE_TRACE - assumed 'SHOW_PAGE_TRACE' E:\phpweb\myapp\app\Wyn\Conf\config.php 第 4 行.
ERR: SQLSTATE[42000]: Syntax error or access violation: 1064 You have an error in your SQL syntax; check the manual that corresponds to your MySQL server version for the right syntax to use near ') LIMIT 1' at line 1

[ 2015-02-02T01:25:52+08:00 ] 127.0.0.1 /index.php/Wyn/Index/proviceInsert
INFO: [ app_init ] --START--
INFO: Run Behavior\BuildLiteBehavior [ RunTime:0.000032s ]
INFO: [ app_init ] --END-- [ RunTime:0.001230s ]
NOTIC: [8] Use of undefined constant SHOW_PAGE_TRACE - assumed 'SHOW_PAGE_TRACE' E:\phpweb\myapp\app\Wyn\Conf\config.php 第 4 行.

[ 2015-02-02T01:27:27+08:00 ] 127.0.0.1 /index.php/Wyn/Index/proviceInsert
INFO: [ app_init ] --START--
INFO: Run Behavior\BuildLiteBehavior [ RunTime:0.000034s ]
INFO: [ app_init ] --END-- [ RunTime:0.001962s ]
NOTIC: [8] Use of undefined constant SHOW_PAGE_TRACE - assumed 'SHOW_PAGE_TRACE' E:\phpweb\myapp\app\Wyn\Conf\config.php 第 4 行.

[ 2015-02-02T01:28:42+08:00 ] 127.0.0.1 /index.php/wyn/
INFO: [ app_init ] --START--
INFO: Run Behavior\BuildLiteBehavior [ RunTime:0.000034s ]
INFO: [ app_init ] --END-- [ RunTime:0.000849s ]
NOTIC: [8] Use of undefined constant SHOW_PAGE_TRACE - assumed 'SHOW_PAGE_TRACE' E:\phpweb\myapp\app\Wyn\Conf\config.php 第 4 行.

[ 2015-02-02T01:30:24+08:00 ] 127.0.0.1 /index.php/wyn/
INFO: [ app_init ] --START--
INFO: Run Behavior\BuildLiteBehavior [ RunTime:0.000032s ]
INFO: [ app_init ] --END-- [ RunTime:0.001336s ]
NOTIC: [8] Use of undefined constant SHOW_PAGE_TRACE - assumed 'SHOW_PAGE_TRACE' E:\phpweb\myapp\app\Wyn\Conf\config.php 第 4 行.

[ 2015-02-02T01:30:58+08:00 ] 127.0.0.1 /index.php/wyn/
INFO: [ app_init ] --START--
INFO: Run Behavior\BuildLiteBehavior [ RunTime:0.000032s ]
INFO: [ app_init ] --END-- [ RunTime:0.001295s ]
NOTIC: [8] Use of undefined constant SHOW_PAGE_TRACE - assumed 'SHOW_PAGE_TRACE' E:\phpweb\myapp\app\Wyn\Conf\config.php 第 4 行.

[ 2015-02-02T01:31:01+08:00 ] 127.0.0.1 /index.php/wyn/%5Bobject%20Object%5D
INFO: [ app_init ] --START--
INFO: Run Behavior\BuildLiteBehavior [ RunTime:0.000030s ]
INFO: [ app_init ] --END-- [ RunTime:0.001176s ]
NOTIC: [8] Use of undefined constant SHOW_PAGE_TRACE - assumed 'SHOW_PAGE_TRACE' E:\phpweb\myapp\app\Wyn\Conf\config.php 第 4 行.
INFO: [ app_begin ] --START--
INFO: Run Behavior\ReadHtmlCacheBehavior [ RunTime:0.002268s ]
INFO: [ app_begin ] --END-- [ RunTime:0.002397s ]
ERR: 无法加载控制器:[object Object]

[ 2015-02-02T01:31:16+08:00 ] 127.0.0.1 /index.php/wyn/%5Bobject%20Object%5D%22
INFO: [ app_init ] --START--
INFO: Run Behavior\BuildLiteBehavior [ RunTime:0.000032s ]
INFO: [ app_init ] --END-- [ RunTime:0.001180s ]
NOTIC: [8] Use of undefined constant SHOW_PAGE_TRACE - assumed 'SHOW_PAGE_TRACE' E:\phpweb\myapp\app\Wyn\Conf\config.php 第 4 行.
ERR: 无法加载控制器:[object Object]"

[ 2015-02-02T01:32:38+08:00 ] 127.0.0.1 /index.php/wyn/
INFO: [ app_init ] --START--
INFO: Run Behavior\BuildLiteBehavior [ RunTime:0.000032s ]
INFO: [ app_init ] --END-- [ RunTime:0.001353s ]
NOTIC: [8] Use of undefined constant SHOW_PAGE_TRACE - assumed 'SHOW_PAGE_TRACE' E:\phpweb\myapp\app\Wyn\Conf\config.php 第 4 行.

[ 2015-02-02T01:32:40+08:00 ] 127.0.0.1 /index.php/wyn/%5Bobject%20Object%5D
INFO: [ app_init ] --START--
INFO: Run Behavior\BuildLiteBehavior [ RunTime:0.000034s ]
INFO: [ app_init ] --END-- [ RunTime:0.001410s ]
NOTIC: [8] Use of undefined constant SHOW_PAGE_TRACE - assumed 'SHOW_PAGE_TRACE' E:\phpweb\myapp\app\Wyn\Conf\config.php 第 4 行.
INFO: [ app_begin ] --START--
INFO: Run Behavior\ReadHtmlCacheBehavior [ RunTime:0.002589s ]
INFO: [ app_begin ] --END-- [ RunTime:0.002718s ]
ERR: 无法加载控制器:[object Object]

[ 2015-02-02T01:32:42+08:00 ] 127.0.0.1 /index.php/wyn/%5Bobject%20Object%5D
INFO: [ app_init ] --START--
INFO: Run Behavior\BuildLiteBehavior [ RunTime:0.000039s ]
INFO: [ app_init ] --END-- [ RunTime:0.002871s ]
NOTIC: [8] Use of undefined constant SHOW_PAGE_TRACE - assumed 'SHOW_PAGE_TRACE' E:\phpweb\myapp\app\Wyn\Conf\config.php 第 4 行.
INFO: [ app_begin ] --START--
INFO: Run Behavior\ReadHtmlCacheBehavior [ RunTime:0.002147s ]
INFO: [ app_begin ] --END-- [ RunTime:0.002270s ]
ERR: 无法加载控制器:[object Object]

[ 2015-02-02T01:32:43+08:00 ] 127.0.0.1 /index.php/wyn/%5Bobject%20Object%5D
INFO: [ app_init ] --START--
INFO: Run Behavior\BuildLiteBehavior [ RunTime:0.000034s ]
INFO: [ app_init ] --END-- [ RunTime:0.001459s ]
NOTIC: [8] Use of undefined constant SHOW_PAGE_TRACE - assumed 'SHOW_PAGE_TRACE' E:\phpweb\myapp\app\Wyn\Conf\config.php 第 4 行.
INFO: [ app_begin ] --START--
INFO: Run Behavior\ReadHtmlCacheBehavior [ RunTime:0.003169s ]
INFO: [ app_begin ] --END-- [ RunTime:0.003326s ]
ERR: 无法加载控制器:[object Object]

[ 2015-02-02T01:32:43+08:00 ] 127.0.0.1 /index.php/wyn/%5Bobject%20Object%5D
INFO: [ app_init ] --START--
INFO: Run Behavior\BuildLiteBehavior [ RunTime:0.000033s ]
INFO: [ app_init ] --END-- [ RunTime:0.005161s ]
NOTIC: [8] Use of undefined constant SHOW_PAGE_TRACE - assumed 'SHOW_PAGE_TRACE' E:\phpweb\myapp\app\Wyn\Conf\config.php 第 4 行.
INFO: [ app_begin ] --START--
INFO: Run Behavior\ReadHtmlCacheBehavior [ RunTime:0.006905s ]
INFO: [ app_begin ] --END-- [ RunTime:0.007049s ]
ERR: 无法加载控制器:[object Object]

[ 2015-02-02T01:32:43+08:00 ] 127.0.0.1 /index.php/wyn/%5Bobject%20Object%5D
INFO: [ app_init ] --START--
INFO: Run Behavior\BuildLiteBehavior [ RunTime:0.000035s ]
INFO: [ app_init ] --END-- [ RunTime:0.001821s ]
NOTIC: [8] Use of undefined constant SHOW_PAGE_TRACE - assumed 'SHOW_PAGE_TRACE' E:\phpweb\myapp\app\Wyn\Conf\config.php 第 4 行.
INFO: [ app_begin ] --START--
INFO: Run Behavior\ReadHtmlCacheBehavior [ RunTime:0.003856s ]
INFO: [ app_begin ] --END-- [ RunTime:0.004003s ]
ERR: 无法加载控制器:[object Object]

[ 2015-02-02T01:33:15+08:00 ] 127.0.0.1 /index.php/wyn/
INFO: [ app_init ] --START--
INFO: Run Behavior\BuildLiteBehavior [ RunTime:0.000036s ]
INFO: [ app_init ] --END-- [ RunTime:0.001513s ]
NOTIC: [8] Use of undefined constant SHOW_PAGE_TRACE - assumed 'SHOW_PAGE_TRACE' E:\phpweb\myapp\app\Wyn\Conf\config.php 第 4 行.

[ 2015-02-02T01:33:17+08:00 ] 127.0.0.1 /index.php/wyn/%5Bobject%20Object%5D
INFO: [ app_init ] --START--
INFO: Run Behavior\BuildLiteBehavior [ RunTime:0.000032s ]
INFO: [ app_init ] --END-- [ RunTime:0.001238s ]
NOTIC: [8] Use of undefined constant SHOW_PAGE_TRACE - assumed 'SHOW_PAGE_TRACE' E:\phpweb\myapp\app\Wyn\Conf\config.php 第 4 行.
INFO: [ app_begin ] --START--
INFO: Run Behavior\ReadHtmlCacheBehavior [ RunTime:0.002482s ]
INFO: [ app_begin ] --END-- [ RunTime:0.002596s ]
ERR: 无法加载控制器:[object Object]

[ 2015-02-02T01:38:49+08:00 ] 127.0.0.1 /index.php/wyn/
INFO: [ app_init ] --START--
INFO: Run Behavior\BuildLiteBehavior [ RunTime:0.000031s ]
INFO: [ app_init ] --END-- [ RunTime:0.000486s ]
NOTIC: [8] Use of undefined constant SHOW_PAGE_TRACE - assumed 'SHOW_PAGE_TRACE' E:\phpweb\myapp\app\Wyn\Conf\config.php 第 4 行.

[ 2015-02-02T01:38:51+08:00 ] 127.0.0.1 /index.php/wyn/%5Bobject%20Object%5D
INFO: [ app_init ] --START--
INFO: Run Behavior\BuildLiteBehavior [ RunTime:0.000047s ]
INFO: [ app_init ] --END-- [ RunTime:0.001769s ]
NOTIC: [8] Use of undefined constant SHOW_PAGE_TRACE - assumed 'SHOW_PAGE_TRACE' E:\phpweb\myapp\app\Wyn\Conf\config.php 第 4 行.
INFO: [ app_begin ] --START--
INFO: Run Behavior\ReadHtmlCacheBehavior [ RunTime:0.003299s ]
INFO: [ app_begin ] --END-- [ RunTime:0.003437s ]
ERR: 无法加载控制器:[object Object]

[ 2015-02-02T01:38:54+08:00 ] 127.0.0.1 /index.php/wyn/%5Bobject%20Object%5D
INFO: [ app_init ] --START--
INFO: Run Behavior\BuildLiteBehavior [ RunTime:0.000036s ]
INFO: [ app_init ] --END-- [ RunTime:0.001457s ]
NOTIC: [8] Use of undefined constant SHOW_PAGE_TRACE - assumed 'SHOW_PAGE_TRACE' E:\phpweb\myapp\app\Wyn\Conf\config.php 第 4 行.
INFO: [ app_begin ] --START--
INFO: Run Behavior\ReadHtmlCacheBehavior [ RunTime:0.002315s ]
INFO: [ app_begin ] --END-- [ RunTime:0.002446s ]
ERR: 无法加载控制器:[object Object]

[ 2015-02-02T01:38:55+08:00 ] 127.0.0.1 /index.php/wyn/%5Bobject%20Object%5D
INFO: [ app_init ] --START--
INFO: Run Behavior\BuildLiteBehavior [ RunTime:0.000033s ]
INFO: [ app_init ] --END-- [ RunTime:0.001170s ]
NOTIC: [8] Use of undefined constant SHOW_PAGE_TRACE - assumed 'SHOW_PAGE_TRACE' E:\phpweb\myapp\app\Wyn\Conf\config.php 第 4 行.
INFO: [ app_begin ] --START--
INFO: Run Behavior\ReadHtmlCacheBehavior [ RunTime:0.002988s ]
INFO: [ app_begin ] --END-- [ RunTime:0.003104s ]
ERR: 无法加载控制器:[object Object]

[ 2015-02-02T01:38:55+08:00 ] 127.0.0.1 /index.php/wyn/%5Bobject%20Object%5D
INFO: [ app_init ] --START--
INFO: Run Behavior\BuildLiteBehavior [ RunTime:0.000036s ]
INFO: [ app_init ] --END-- [ RunTime:0.001421s ]
NOTIC: [8] Use of undefined constant SHOW_PAGE_TRACE - assumed 'SHOW_PAGE_TRACE' E:\phpweb\myapp\app\Wyn\Conf\config.php 第 4 行.
INFO: [ app_begin ] --START--
INFO: Run Behavior\ReadHtmlCacheBehavior [ RunTime:0.004232s ]
INFO: [ app_begin ] --END-- [ RunTime:0.004374s ]
ERR: 无法加载控制器:[object Object]

[ 2015-02-02T01:39:20+08:00 ] 127.0.0.1 /index.php/wyn/%5Bobject%20Object%5D
INFO: [ app_init ] --START--
INFO: Run Behavior\BuildLiteBehavior [ RunTime:0.000032s ]
INFO: [ app_init ] --END-- [ RunTime:0.001198s ]
NOTIC: [8] Use of undefined constant SHOW_PAGE_TRACE - assumed 'SHOW_PAGE_TRACE' E:\phpweb\myapp\app\Wyn\Conf\config.php 第 4 行.
INFO: [ app_begin ] --START--
INFO: Run Behavior\ReadHtmlCacheBehavior [ RunTime:0.002039s ]
INFO: [ app_begin ] --END-- [ RunTime:0.002162s ]
ERR: 无法加载控制器:[object Object]

[ 2015-02-02T01:39:22+08:00 ] 127.0.0.1 /index.php/wyn/
INFO: [ app_init ] --START--
INFO: Run Behavior\BuildLiteBehavior [ RunTime:0.000033s ]
INFO: [ app_init ] --END-- [ RunTime:0.001305s ]
NOTIC: [8] Use of undefined constant SHOW_PAGE_TRACE - assumed 'SHOW_PAGE_TRACE' E:\phpweb\myapp\app\Wyn\Conf\config.php 第 4 行.

[ 2015-02-02T01:39:26+08:00 ] 127.0.0.1 /index.php/wyn/
INFO: [ app_init ] --START--
INFO: Run Behavior\BuildLiteBehavior [ RunTime:0.000036s ]
INFO: [ app_init ] --END-- [ RunTime:0.002309s ]
NOTIC: [8] Use of undefined constant SHOW_PAGE_TRACE - assumed 'SHOW_PAGE_TRACE' E:\phpweb\myapp\app\Wyn\Conf\config.php 第 4 行.

[ 2015-02-02T01:39:37+08:00 ] 127.0.0.1 /index.php/wyn/
INFO: [ app_init ] --START--
INFO: Run Behavior\BuildLiteBehavior [ RunTime:0.000034s ]
INFO: [ app_init ] --END-- [ RunTime:0.002173s ]
NOTIC: [8] Use of undefined constant SHOW_PAGE_TRACE - assumed 'SHOW_PAGE_TRACE' E:\phpweb\myapp\app\Wyn\Conf\config.php 第 4 行.

[ 2015-02-02T01:40:25+08:00 ] 127.0.0.1 /index.php/wyn/
INFO: [ app_init ] --START--
INFO: Run Behavior\BuildLiteBehavior [ RunTime:0.000033s ]
INFO: [ app_init ] --END-- [ RunTime:0.001220s ]
NOTIC: [8] Use of undefined constant SHOW_PAGE_TRACE - assumed 'SHOW_PAGE_TRACE' E:\phpweb\myapp\app\Wyn\Conf\config.php 第 4 行.

[ 2015-02-02T01:40:39+08:00 ] 127.0.0.1 /index.php/wyn/
INFO: [ app_init ] --START--
INFO: Run Behavior\BuildLiteBehavior [ RunTime:0.000033s ]
INFO: [ app_init ] --END-- [ RunTime:0.001144s ]
NOTIC: [8] Use of undefined constant SHOW_PAGE_TRACE - assumed 'SHOW_PAGE_TRACE' E:\phpweb\myapp\app\Wyn\Conf\config.php 第 4 行.

[ 2015-02-02T01:41:11+08:00 ] 127.0.0.1 /index.php/wyn/
INFO: [ app_init ] --START--
INFO: Run Behavior\BuildLiteBehavior [ RunTime:0.000033s ]
INFO: [ app_init ] --END-- [ RunTime:0.001191s ]
NOTIC: [8] Use of undefined constant SHOW_PAGE_TRACE - assumed 'SHOW_PAGE_TRACE' E:\phpweb\myapp\app\Wyn\Conf\config.php 第 4 行.

[ 2015-02-02T01:42:40+08:00 ] 127.0.0.1 /index.php/wyn/
INFO: [ app_init ] --START--
INFO: Run Behavior\BuildLiteBehavior [ RunTime:0.000032s ]
INFO: [ app_init ] --END-- [ RunTime:0.001422s ]
NOTIC: [8] Use of undefined constant SHOW_PAGE_TRACE - assumed 'SHOW_PAGE_TRACE' E:\phpweb\myapp\app\Wyn\Conf\config.php 第 4 行.

